{"level":"INFO","time":"2026-02-11T00:45:41.113+0800","caller":"graph/node.go:28","msg":"回答用户(router): 梦猫, 输入消耗token:550(缓存命中:0), 输出消耗token:1, 共计消耗token:551"}
{"level":"INFO","time":"2026-02-11T00:45:43.263+0800","caller":"graph/node.go:54","msg":"回答用户(easyChat): 梦猫, 输入消耗token:2166(缓存命中:0), 输出消耗token:56, 共计消耗token:2222"}
{"level":"INFO","time":"2026-02-11T00:45:59.069+0800","caller":"graph/node.go:28","msg":"回答用户(router): 梦猫, 输入消耗token:551(缓存命中:0), 输出消耗token:1, 共计消耗token:552"}
{"level":"INFO","time":"2026-02-11T00:46:01.913+0800","caller":"graph/node.go:54","msg":"回答用户(easyChat): 梦猫, 输入消耗token:2242(缓存命中:0), 输出消耗token:98, 共计消耗token:2340"}
{"level":"INFO","time":"2026-02-11T00:46:11.770+0800","caller":"graph/node.go:28","msg":"回答用户(router): 梦猫, 输入消耗token:553(缓存命中:0), 输出消耗token:1, 共计消耗token:554"}
{"level":"INFO","time":"2026-02-11T00:46:14.669+0800","caller":"graph/node.go:54","msg":"回答用户(easyChat): 梦猫, 输入消耗token:2355(缓存命中:0), 输出消耗token:121, 共计消耗token:2476"}
{"level":"INFO","time":"2026-02-11T00:46:27.640+0800","caller":"graph/node.go:28","msg":"回答用户(router): 梦猫, 输入消耗token:552(缓存命中:512), 输出消耗token:1, 共计消耗token:553"}
{"level":"INFO","time":"2026-02-11T00:46:30.749+0800","caller":"graph/node.go:54","msg":"回答用户(easyChat): 梦猫, 输入消耗token:2490(缓存命中:0), 输出消耗token:125, 共计消耗token:2615"}
{"level":"INFO","time":"2026-02-11T00:46:48.101+0800","caller":"graph/node.go:28","msg":"回答用户(router): 梦猫, 输入消耗token:551(缓存命中:512), 输出消耗token:2, 共计消耗token:553"}
{"level":"INFO","time":"2026-02-11T00:46:51.524+0800","caller":"graph/node.go:113","msg":"回答用户(complexChat): 梦猫, 输入消耗token:2628(缓存命中:0), 输出消耗token:138, 共计消耗token:2766"}
{"level":"INFO","time":"2026-02-11T00:46:58.963+0800","caller":"graph/node.go:28","msg":"回答用户(router): 梦猫, 输入消耗token:552(缓存命中:512), 输出消耗token:1, 共计消耗token:553"}
{"level":"INFO","time":"2026-02-11T00:47:02.977+0800","caller":"graph/node.go:54","msg":"回答用户(easyChat): 梦猫, 输入消耗token:2781(缓存命中:0), 输出消耗token:154, 共计消耗token:2935"}
{"level":"INFO","time":"2026-02-11T00:47:21.139+0800","caller":"graph/node.go:28","msg":"回答用户(router): 梦猫, 输入消耗token:553(缓存命中:512), 输出消耗token:1, 共计消耗token:554"}
{"level":"INFO","time":"2026-02-11T00:47:24.919+0800","caller":"graph/node.go:54","msg":"回答用户(easyChat): 梦猫, 输入消耗token:2950(缓存命中:0), 输出消耗token:149, 共计消耗token:3099"}
{"level":"INFO","time":"2026-02-11T00:47:37.198+0800","caller":"graph/node.go:28","msg":"回答用户(router): 梦猫, 输入消耗token:553(缓存命中:0), 输出消耗token:1, 共计消耗token:554"}
{"level":"INFO","time":"2026-02-11T00:47:41.208+0800","caller":"graph/node.go:54","msg":"回答用户(easyChat): 梦猫, 输入消耗token:3113(缓存命中:0), 输出消耗token:144, 共计消耗token:3257"}
{"level":"INFO","time":"2026-02-11T00:49:34.020+0800","caller":"graph/node.go:28","msg":"回答用户(router): 梦猫, 输入消耗token:550(缓存命中:0), 输出消耗token:1, 共计消耗token:551"}
{"level":"INFO","time":"2026-02-11T00:49:36.030+0800","caller":"graph/node.go:54","msg":"回答用户(easyChat): 梦猫, 输入消耗token:2101(缓存命中:0), 输出消耗token:53, 共计消耗token:2154"}
{"level":"INFO","time":"2026-02-11T00:49:49.660+0800","caller":"graph/node.go:28","msg":"回答用户(router): 梦猫, 输入消耗token:551(缓存命中:0), 输出消耗token:1, 共计消耗token:552"}
{"level":"INFO","time":"2026-02-11T00:49:51.437+0800","caller":"graph/node.go:54","msg":"回答用户(easyChat): 梦猫, 输入消耗token:2174(缓存命中:0), 输出消耗token:44, 共计消耗token:2218"}
{"level":"INFO","time":"2026-02-11T00:50:21.301+0800","caller":"graph/node.go:28","msg":"回答用户(router): 梦猫, 输入消耗token:553(缓存命中:0), 输出消耗token:2, 共计消耗token:555"}
{"level":"INFO","time":"2026-02-11T00:50:24.963+0800","caller":"graph/node.go:113","msg":"回答用户(complexChat): 梦猫, 输入消耗token:2230(缓存命中:0), 输出消耗token:123, 共计消耗token:2353"}
{"level":"INFO","time":"2026-02-11T00:50:47.966+0800","caller":"graph/node.go:28","msg":"回答用户(router): 梦猫, 输入消耗token:557(缓存命中:0), 输出消耗token:2, 共计消耗token:559"}
{"level":"INFO","time":"2026-02-11T00:50:52.960+0800","caller":"graph/node.go:113","msg":"回答用户(complexChat): 梦猫, 输入消耗token:2372(缓存命中:0), 输出消耗token:162, 共计消耗token:2534"}
{"level":"INFO","time":"2026-02-11T00:56:32.913+0800","caller":"graph/node.go:28","msg":"回答用户(router): 梦猫, 输入消耗token:550(缓存命中:0), 输出消耗token:1, 共计消耗token:551"}
{"level":"INFO","time":"2026-02-11T00:56:34.457+0800","caller":"graph/node.go:54","msg":"回答用户(easyChat): 梦猫, 输入消耗token:2132(缓存命中:0), 输出消耗token:50, 共计消耗token:2182"}
{"level":"INFO","time":"2026-02-11T00:56:43.667+0800","caller":"graph/node.go:28","msg":"回答用户(router): 梦猫, 输入消耗token:551(缓存命中:0), 输出消耗token:1, 共计消耗token:552"}
{"level":"INFO","time":"2026-02-11T00:56:45.716+0800","caller":"graph/node.go:54","msg":"回答用户(easyChat): 梦猫, 输入消耗token:2202(缓存命中:0), 输出消耗token:63, 共计消耗token:2265"}
{"level":"INFO","time":"2026-02-11T00:56:59.236+0800","caller":"graph/node.go:28","msg":"回答用户(router): 梦猫, 输入消耗token:553(缓存命中:512), 输出消耗token:1, 共计消耗token:554"}
{"level":"INFO","time":"2026-02-11T00:57:00.959+0800","caller":"graph/node.go:54","msg":"回答用户(easyChat): 梦猫, 输入消耗token:2277(缓存命中:0), 输出消耗token:72, 共计消耗token:2349"}
{"level":"INFO","time":"2026-02-11T00:57:18.934+0800","caller":"graph/node.go:28","msg":"回答用户(router): 梦猫, 输入消耗token:556(缓存命中:0), 输出消耗token:2, 共计消耗token:558"}
{"level":"INFO","time":"2026-02-11T00:57:21.618+0800","caller":"graph/node.go:113","msg":"回答用户(complexChat): 梦猫, 输入消耗token:2366(缓存命中:1920), 输出消耗token:93, 共计消耗token:2459"}
{"level":"INFO","time":"2026-02-11T00:57:33.217+0800","caller":"graph/node.go:28","msg":"回答用户(router): 梦猫, 输入消耗token:551(缓存命中:0), 输出消耗token:1, 共计消耗token:552"}
{"level":"INFO","time":"2026-02-11T00:57:35.685+0800","caller":"graph/node.go:54","msg":"回答用户(easyChat): 梦猫, 输入消耗token:2471(缓存命中:0), 输出消耗token:101, 共计消耗token:2572"}
{"level":"INFO","time":"2026-02-11T00:57:56.247+0800","caller":"graph/node.go:28","msg":"回答用户(router): 梦猫, 输入消耗token:557(缓存命中:0), 输出消耗token:1, 共计消耗token:558"}
{"level":"INFO","time":"2026-02-11T00:57:59.709+0800","caller":"graph/node.go:54","msg":"回答用户(easyChat): 梦猫, 输入消耗token:2591(缓存命中:1920), 输出消耗token:133, 共计消耗token:2724"}
{"level":"INFO","time":"2026-02-11T00:58:15.593+0800","caller":"graph/node.go:28","msg":"回答用户(router): 梦猫, 输入消耗token:551(缓存命中:512), 输出消耗token:1, 共计消耗token:552"}
{"level":"INFO","time":"2026-02-11T00:58:18.662+0800","caller":"graph/node.go:54","msg":"回答用户(easyChat): 梦猫, 输入消耗token:2736(缓存命中:0), 输出消耗token:138, 共计消耗token:2874"}
{"level":"INFO","time":"2026-02-11T00:58:32.392+0800","caller":"graph/node.go:28","msg":"回答用户(router): 梦猫, 输入消耗token:554(缓存命中:0), 输出消耗token:2, 共计消耗token:556"}
{"level":"INFO","time":"2026-02-11T00:58:36.172+0800","caller":"graph/node.go:113","msg":"回答用户(complexChat): 梦猫, 输入消耗token:2890(缓存命中:0), 输出消耗token:166, 共计消耗token:3056"}
{"level":"INFO","time":"2026-02-11T00:58:50.929+0800","caller":"graph/node.go:28","msg":"回答用户(router): 梦猫, 输入消耗token:550(缓存命中:0), 输出消耗token:1, 共计消耗token:551"}
{"level":"INFO","time":"2026-02-11T00:58:52.421+0800","caller":"graph/node.go:54","msg":"回答用户(easyChat): 梦猫, 输入消耗token:2132(缓存命中:1408), 输出消耗token:52, 共计消耗token:2184"}
{"level":"INFO","time":"2026-02-11T00:59:03.386+0800","caller":"graph/node.go:28","msg":"回答用户(router): 梦猫, 输入消耗token:551(缓存命中:0), 输出消耗token:1, 共计消耗token:552"}
{"level":"INFO","time":"2026-02-11T00:59:05.823+0800","caller":"graph/node.go:54","msg":"回答用户(easyChat): 梦猫, 输入消耗token:2204(缓存命中:0), 输出消耗token:75, 共计消耗token:2279"}
{"level":"INFO","time":"2026-02-11T00:59:34.681+0800","caller":"graph/node.go:28","msg":"回答用户(router): 梦猫, 输入消耗token:552(缓存命中:512), 输出消耗token:2, 共计消耗token:554"}
{"level":"INFO","time":"2026-02-11T00:59:37.237+0800","caller":"graph/node.go:113","msg":"回答用户(complexChat): 梦猫, 输入消耗token:2290(缓存命中:0), 输出消耗token:85, 共计消耗token:2375"}
{"level":"INFO","time":"2026-02-11T01:00:21.217+0800","caller":"graph/node.go:28","msg":"回答用户(router): 梦猫, 输入消耗token:550(缓存命中:0), 输出消耗token:1, 共计消耗token:551"}
{"level":"INFO","time":"2026-02-11T01:00:20.971+0800","caller":"graph/node.go:54","msg":"回答用户(easyChat): 梦猫, 输入消耗token:2132(缓存命中:0), 输出消耗token:61, 共计消耗token:2193"}
{"level":"INFO","time":"2026-02-11T01:00:28.945+0800","caller":"graph/node.go:28","msg":"回答用户(router): 梦猫, 输入消耗token:551(缓存命中:0), 输出消耗token:1, 共计消耗token:552"}
{"level":"INFO","time":"2026-02-11T01:00:31.383+0800","caller":"graph/node.go:54","msg":"回答用户(easyChat): 梦猫, 输入消耗token:2213(缓存命中:0), 输出消耗token:76, 共计消耗token:2289"}
{"level":"INFO","time":"2026-02-11T01:00:48.585+0800","caller":"graph/node.go:28","msg":"回答用户(router): 梦猫, 输入消耗token:556(缓存命中:0), 输出消耗token:2, 共计消耗token:558"}
{"level":"INFO","time":"2026-02-11T01:00:51.791+0800","caller":"graph/node.go:113","msg":"回答用户(complexChat): 梦猫, 输入消耗token:2304(缓存命中:0), 输出消耗token:83, 共计消耗token:2387"}
{"level":"INFO","time":"2026-02-11T01:01:18.871+0800","caller":"graph/node.go:28","msg":"回答用户(router): 梦猫, 输入消耗token:557(缓存命中:0), 输出消耗token:1, 共计消耗token:558"}
{"level":"INFO","time":"2026-02-11T01:01:21.926+0800","caller":"graph/node.go:54","msg":"回答用户(easyChat): 梦猫, 输入消耗token:2406(缓存命中:1408), 输出消耗token:111, 共计消耗token:2517"}
{"level":"INFO","time":"2026-02-11T01:01:49.231+0800","caller":"graph/node.go:28","msg":"回答用户(router): 梦猫, 输入消耗token:556(缓存命中:0), 输出消耗token:1, 共计消耗token:557"}
{"level":"INFO","time":"2026-02-11T01:01:52.691+0800","caller":"graph/node.go:54","msg":"回答用户(easyChat): 梦猫, 输入消耗token:2533(缓存命中:0), 输出消耗token:110, 共计消耗token:2643"}
{"level":"INFO","time":"2026-02-11T01:02:54.725+0800","caller":"graph/node.go:28","msg":"回答用户(router): 梦猫, 输入消耗token:550(缓存命中:0), 输出消耗token:1, 共计消耗token:551"}
{"level":"INFO","time":"2026-02-11T01:02:53.980+0800","caller":"graph/node.go:54","msg":"回答用户(easyChat): 梦猫, 输入消耗token:2132(缓存命中:0), 输出消耗token:39, 共计消耗token:2171"}
{"level":"INFO","time":"2026-02-11T01:03:10.543+0800","caller":"graph/node.go:28","msg":"回答用户(router): 梦猫, 输入消耗token:551(缓存命中:0), 输出消耗token:1, 共计消耗token:552"}
{"level":"INFO","time":"2026-02-11T01:03:13.153+0800","caller":"graph/node.go:54","msg":"回答用户(easyChat): 梦猫, 输入消耗token:2191(缓存命中:1408), 输出消耗token:83, 共计消耗token:2274"}
{"level":"INFO","time":"2026-02-11T01:03:54.775+0800","caller":"graph/node.go:28","msg":"回答用户(router): 梦猫, 输入消耗token:551(缓存命中:0), 输出消耗token:1, 共计消耗token:552"}
{"level":"INFO","time":"2026-02-11T01:03:54.399+0800","caller":"graph/node.go:54","msg":"回答用户(easyChat): 梦猫, 输入消耗token:2133(缓存命中:0), 输出消耗token:45, 共计消耗token:2178"}
{"level":"INFO","time":"2026-02-11T01:04:07.333+0800","caller":"graph/node.go:28","msg":"回答用户(router): 梦猫, 输入消耗token:555(缓存命中:0), 输出消耗token:1, 共计消耗token:556"}
{"level":"INFO","time":"2026-02-11T01:04:09.552+0800","caller":"graph/node.go:54","msg":"回答用户(easyChat): 梦猫, 输入消耗token:2202(缓存命中:0), 输出消耗token:68, 共计消耗token:2270"}
{"level":"INFO","time":"2026-02-11T01:04:26.695+0800","caller":"graph/node.go:28","msg":"回答用户(router): 梦猫, 输入消耗token:558(缓存命中:512), 输出消耗token:1, 共计消耗token:559"}
{"level":"INFO","time":"2026-02-11T01:04:29.093+0800","caller":"graph/node.go:54","msg":"回答用户(easyChat): 梦猫, 输入消耗token:2291(缓存命中:1408), 输出消耗token:76, 共计消耗token:2367"}
{"level":"INFO","time":"2026-02-11T01:04:44.970+0800","caller":"graph/node.go:28","msg":"回答用户(router): 梦猫, 输入消耗token:552(缓存命中:512), 输出消耗token:1, 共计消耗token:553"}
{"level":"INFO","time":"2026-02-11T01:04:47.537+0800","caller":"graph/node.go:54","msg":"回答用户(easyChat): 梦猫, 输入消耗token:2380(缓存命中:0), 输出消耗token:88, 共计消耗token:2468"}
{"level":"INFO","time":"2026-02-11T01:05:28.982+0800","caller":"graph/node.go:28","msg":"回答用户(router): 梦猫, 输入消耗token:551(缓存命中:0), 输出消耗token:1, 共计消耗token:552"}
{"level":"INFO","time":"2026-02-11T01:05:31.420+0800","caller":"graph/node.go:54","msg":"回答用户(easyChat): 梦猫, 输入消耗token:2482(缓存命中:0), 输出消耗token:67, 共计消耗token:2549"}
{"level":"INFO","time":"2026-02-11T01:05:40.935+0800","caller":"graph/node.go:28","msg":"回答用户(router): 梦猫, 输入消耗token:551(缓存命中:0), 输出消耗token:1, 共计消耗token:552"}
{"level":"INFO","time":"2026-02-11T01:05:43.600+0800","caller":"graph/node.go:54","msg":"回答用户(easyChat): 梦猫, 输入消耗token:2562(缓存命中:0), 输出消耗token:104, 共计消耗token:2666"}
{"level":"INFO","time":"2026-02-11T01:08:23.767+0800","caller":"graph/node.go:28","msg":"回答用户(router): 梦猫, 输入消耗token:550(缓存命中:0), 输出消耗token:1, 共计消耗token:551"}
{"level":"INFO","time":"2026-02-11T01:08:25.137+0800","caller":"graph/node.go:54","msg":"回答用户(easyChat): 梦猫, 输入消耗token:2144(缓存命中:0), 输出消耗token:34, 共计消耗token:2178"}
{"level":"INFO","time":"2026-02-11T01:09:14.183+0800","caller":"graph/node.go:28","msg":"回答用户(router): 梦猫, 输入消耗token:550(缓存命中:0), 输出消耗token:1, 共计消耗token:551"}
{"level":"INFO","time":"2026-02-11T01:09:15.954+0800","caller":"graph/node.go:54","msg":"回答用户(easyChat): 梦猫, 输入消耗token:2156(缓存命中:0), 输出消耗token:49, 共计消耗token:2205"}
{"level":"INFO","time":"2026-02-11T01:09:35.282+0800","caller":"graph/node.go:28","msg":"回答用户(router): 梦猫, 输入消耗token:550(缓存命中:0), 输出消耗token:1, 共计消耗token:551"}
{"level":"INFO","time":"2026-02-11T01:09:36.272+0800","caller":"graph/node.go:54","msg":"回答用户(easyChat): 梦猫, 输入消耗token:2156(缓存命中:0), 输出消耗token:12, 共计消耗token:2168"}
{"level":"INFO","time":"2026-02-11T01:09:49.250+0800","caller":"graph/node.go:28","msg":"回答用户(router): 梦猫, 输入消耗token:552(缓存命中:0), 输出消耗token:1, 共计消耗token:553"}
{"level":"INFO","time":"2026-02-11T01:09:50.701+0800","caller":"graph/node.go:54","msg":"回答用户(easyChat): 梦猫, 输入消耗token:2189(缓存命中:0), 输出消耗token:31, 共计消耗token:2220"}
{"level":"INFO","time":"2026-02-11T01:09:57.515+0800","caller":"graph/node.go:28","msg":"回答用户(router): 梦猫, 输入消耗token:552(缓存命中:512), 输出消耗token:1, 共计消耗token:553"}
{"level":"INFO","time":"2026-02-11T01:09:59.518+0800","caller":"graph/node.go:54","msg":"回答用户(easyChat): 梦猫, 输入消耗token:2232(缓存命中:1920), 输出消耗token:54, 共计消耗token:2286"}
{"level":"INFO","time":"2026-02-11T01:10:09.940+0800","caller":"graph/node.go:28","msg":"回答用户(router): 梦猫, 输入消耗token:550(缓存命中:0), 输出消耗token:1, 共计消耗token:551"}
{"level":"INFO","time":"2026-02-11T01:10:11.868+0800","caller":"graph/node.go:54","msg":"回答用户(easyChat): 梦猫, 输入消耗token:2295(缓存命中:0), 输出消耗token:59, 共计消耗token:2354"}
{"level":"INFO","time":"2026-02-11T01:10:32.105+0800","caller":"graph/node.go:28","msg":"回答用户(router): 梦猫, 输入消耗token:553(缓存命中:0), 输出消耗token:1, 共计消耗token:554"}
{"level":"INFO","time":"2026-02-11T01:10:34.252+0800","caller":"graph/node.go:54","msg":"回答用户(easyChat): 梦猫, 输入消耗token:2369(缓存命中:0), 输出消耗token:66, 共计消耗token:2435"}
{"level":"INFO","time":"2026-02-11T01:10:46.880+0800","caller":"graph/node.go:28","msg":"回答用户(router): 梦猫, 输入消耗token:551(缓存命中:0), 输出消耗token:1, 共计消耗token:552"}
{"level":"INFO","time":"2026-02-11T01:10:49.437+0800","caller":"graph/node.go:54","msg":"回答用户(easyChat): 梦猫, 输入消耗token:2448(缓存命中:0), 输出消耗token:81, 共计消耗token:2529"}
{"level":"INFO","time":"2026-02-11T01:10:59.777+0800","caller":"graph/node.go:28","msg":"回答用户(router): 梦猫, 输入消耗token:550(缓存命中:0), 输出消耗token:1, 共计消耗token:551"}
{"level":"INFO","time":"2026-02-11T01:11:02.192+0800","caller":"graph/node.go:54","msg":"回答用户(easyChat): 梦猫, 输入消耗token:2542(缓存命中:0), 输出消耗token:71, 共计消耗token:2613"}
{"level":"INFO","time":"2026-02-11T01:11:16.904+0800","caller":"graph/node.go:28","msg":"回答用户(router): 梦猫, 输入消耗token:550(缓存命中:0), 输出消耗token:1, 共计消耗token:551"}
{"level":"INFO","time":"2026-02-11T01:11:20.121+0800","caller":"graph/node.go:54","msg":"回答用户(easyChat): 梦猫, 输入消耗token:2625(缓存命中:0), 输出消耗token:96, 共计消耗token:2721"}
{"level":"INFO","time":"2026-02-11T01:11:42.820+0800","caller":"graph/node.go:28","msg":"回答用户(router): , 输入消耗token:554(缓存命中:0), 输出消耗token:1, 共计消耗token:555"}
{"level":"INFO","time":"2026-02-11T01:11:45.464+0800","caller":"graph/node.go:54","msg":"回答用户(easyChat): , 输入消耗token:2172(缓存命中:1536), 输出消耗token:71, 共计消耗token:2243"}
{"level":"INFO","time":"2026-02-11T01:11:57.194+0800","caller":"graph/node.go:28","msg":"回答用户(router): teat1, 输入消耗token:551(缓存命中:0), 输出消耗token:1, 共计消耗token:552"}
{"level":"INFO","time":"2026-02-11T01:11:59.198+0800","caller":"graph/node.go:54","msg":"回答用户(easyChat): teat1, 输入消耗token:2262(缓存命中:0), 输出消耗token:46, 共计消耗token:2308"}
{"level":"INFO","time":"2026-02-11T01:12:09.533+0800","caller":"graph/node.go:28","msg":"回答用户(router): teat1, 输入消耗token:551(缓存命中:0), 输出消耗token:1, 共计消耗token:552"}
{"level":"INFO","time":"2026-02-11T01:12:11.732+0800","caller":"graph/node.go:54","msg":"回答用户(easyChat): teat1, 输入消耗token:2319(缓存命中:0), 输出消耗token:64, 共计消耗token:2383"}
{"level":"INFO","time":"2026-02-11T01:12:36.439+0800","caller":"graph/node.go:28","msg":"回答用户(router): 梦猫, 输入消耗token:555(缓存命中:0), 输出消耗token:1, 共计消耗token:556"}
{"level":"INFO","time":"2026-02-11T01:12:39.320+0800","caller":"graph/node.go:54","msg":"回答用户(easyChat): 梦猫, 输入消耗token:2738(缓存命中:0), 输出消耗token:66, 共计消耗token:2804"}
{"level":"INFO","time":"2026-02-11T01:12:51.334+0800","caller":"graph/node.go:28","msg":"回答用户(router): 梦猫, 输入消耗token:552(缓存命中:0), 输出消耗token:1, 共计消耗token:553"}
{"level":"INFO","time":"2026-02-11T01:12:53.783+0800","caller":"graph/node.go:54","msg":"回答用户(easyChat): 梦猫, 输入消耗token:2817(缓存命中:0), 输出消耗token:68, 共计消耗token:2885"}
{"level":"INFO","time":"2026-02-11T01:13:04.160+0800","caller":"graph/node.go:28","msg":"回答用户(router): 梦猫, 输入消耗token:551(缓存命中:0), 输出消耗token:1, 共计消耗token:552"}
{"level":"INFO","time":"2026-02-11T01:13:06.987+0800","caller":"graph/node.go:54","msg":"回答用户(easyChat): 梦猫, 输入消耗token:2896(缓存命中:0), 输出消耗token:103, 共计消耗token:2999"}
{"level":"INFO","time":"2026-02-11T01:13:15.524+0800","caller":"graph/node.go:28","msg":"回答用户(router): 梦猫, 输入消耗token:550(缓存命中:0), 输出消耗token:1, 共计消耗token:551"}
{"level":"INFO","time":"2026-02-11T01:13:17.518+0800","caller":"graph/node.go:54","msg":"回答用户(easyChat): 梦猫, 输入消耗token:3011(缓存命中:1920), 输出消耗token:61, 共计消耗token:3072"}
{"level":"INFO","time":"2026-02-11T01:13:39.139+0800","caller":"graph/node.go:28","msg":"回答用户(router): 梦猫, 输入消耗token:556(缓存命中:512), 输出消耗token:2, 共计消耗token:558"}
{"level":"INFO","time":"2026-02-11T01:13:42.909+0800","caller":"graph/node.go:113","msg":"回答用户(complexChat): 梦猫, 输入消耗token:3091(缓存命中:0), 输出消耗token:110, 共计消耗token:3201"}
{"level":"INFO","time":"2026-02-11T01:14:05.559+0800","caller":"graph/node.go:28","msg":"回答用户(router): 梦猫, 输入消耗token:555(缓存命中:512), 输出消耗token:1, 共计消耗token:556"}
{"level":"INFO","time":"2026-02-11T01:14:08.268+0800","caller":"graph/node.go:54","msg":"回答用户(easyChat): 梦猫, 输入消耗token:3218(缓存命中:0), 输出消耗token:84, 共计消耗token:3302"}
{"level":"INFO","time":"2026-02-11T01:14:41.660+0800","caller":"graph/node.go:28","msg":"回答用户(router): 梦猫, 输入消耗token:559(缓存命中:0), 输出消耗token:1, 共计消耗token:560"}
{"level":"INFO","time":"2026-02-11T01:14:44.064+0800","caller":"graph/node.go:54","msg":"回答用户(easyChat): 梦猫, 输入消耗token:3321(缓存命中:0), 输出消耗token:69, 共计消耗token:3390"}
{"level":"INFO","time":"2026-02-11T01:15:09.023+0800","caller":"graph/node.go:28","msg":"回答用户(router): 梦猫, 输入消耗token:555(缓存命中:0), 输出消耗token:1, 共计消耗token:556"}
{"level":"INFO","time":"2026-02-11T01:15:11.214+0800","caller":"graph/node.go:54","msg":"回答用户(easyChat): 梦猫, 输入消耗token:3406(缓存命中:0), 输出消耗token:78, 共计消耗token:3484"}
{"level":"INFO","time":"2026-02-11T01:15:26.513+0800","caller":"graph/node.go:28","msg":"回答用户(router): 梦猫, 输入消耗token:552(缓存命中:0), 输出消耗token:2, 共计消耗token:554"}
{"level":"INFO","time":"2026-02-11T01:15:28.712+0800","caller":"graph/node.go:113","msg":"回答用户(complexChat): 梦猫, 输入消耗token:3499(缓存命中:1920), 输出消耗token:79, 共计消耗token:3578"}
{"level":"INFO","time":"2026-02-11T01:15:40.224+0800","caller":"graph/node.go:28","msg":"回答用户(router): 梦猫, 输入消耗token:551(缓存命中:0), 输出消耗token:1, 共计消耗token:552"}
{"level":"INFO","time":"2026-02-11T01:15:41.144+0800","caller":"graph/node.go:54","msg":"回答用户(easyChat): 梦猫, 输入消耗token:3589(缓存命中:0), 输出消耗token:13, 共计消耗token:3602"}
{"level":"INFO","time":"2026-02-11T01:15:46.674+0800","caller":"graph/node.go:28","msg":"回答用户(router): 梦猫, 输入消耗token:551(缓存命中:0), 输出消耗token:1, 共计消耗token:552"}
{"level":"INFO","time":"2026-02-11T01:15:47.605+0800","caller":"graph/node.go:54","msg":"回答用户(easyChat): 梦猫, 输入消耗token:3615(缓存命中:0), 输出消耗token:13, 共计消耗token:3628"}
{"level":"INFO","time":"2026-02-11T01:15:52.584+0800","caller":"graph/node.go:28","msg":"回答用户(router): 梦猫, 输入消耗token:551(缓存命中:512), 输出消耗token:1, 共计消耗token:552"}
{"level":"INFO","time":"2026-02-11T01:15:53.244+0800","caller":"graph/node.go:54","msg":"回答用户(easyChat): 梦猫, 输入消耗token:3641(缓存命中:1920), 输出消耗token:13, 共计消耗token:3654"}
{"level":"INFO","time":"2026-02-11T01:15:56.155+0800","caller":"graph/node.go:28","msg":"回答用户(router): 梦猫, 输入消耗token:551(缓存命中:0), 输出消耗token:1, 共计消耗token:552"}
{"level":"INFO","time":"2026-02-11T01:15:56.818+0800","caller":"graph/node.go:54","msg":"回答用户(easyChat): 梦猫, 输入消耗token:3667(缓存命中:1920), 输出消耗token:13, 共计消耗token:3680"}
{"level":"INFO","time":"2026-02-11T01:15:58.606+0800","caller":"graph/node.go:28","msg":"回答用户(router): 梦猫, 输入消耗token:551(缓存命中:512), 输出消耗token:1, 共计消耗token:552"}
{"level":"INFO","time":"2026-02-11T01:15:59.391+0800","caller":"graph/node.go:54","msg":"回答用户(easyChat): 梦猫, 输入消耗token:3693(缓存命中:1920), 输出消耗token:13, 共计消耗token:3706"}
{"level":"INFO","time":"2026-02-11T01:16:01.199+0800","caller":"graph/node.go:28","msg":"回答用户(router): 梦猫, 输入消耗token:551(缓存命中:0), 输出消耗token:1, 共计消耗token:552"}
{"level":"INFO","time":"2026-02-11T01:16:01.963+0800","caller":"graph/node.go:54","msg":"回答用户(easyChat): 梦猫, 输入消耗token:3719(缓存命中:0), 输出消耗token:13, 共计消耗token:3732"}
{"level":"INFO","time":"2026-02-11T01:16:03.923+0800","caller":"graph/node.go:28","msg":"回答用户(router): 梦猫, 输入消耗token:551(缓存命中:512), 输出消耗token:1, 共计消耗token:552"}
{"level":"INFO","time":"2026-02-11T01:16:04.772+0800","caller":"graph/node.go:54","msg":"回答用户(easyChat): 梦猫, 输入消耗token:3745(缓存命中:1920), 输出消耗token:13, 共计消耗token:3758"}
{"level":"INFO","time":"2026-02-11T01:16:11.016+0800","caller":"graph/node.go:28","msg":"回答用户(router): 梦猫, 输入消耗token:552(缓存命中:0), 输出消耗token:1, 共计消耗token:553"}
{"level":"INFO","time":"2026-02-11T01:16:13.227+0800","caller":"graph/node.go:54","msg":"回答用户(easyChat): 梦猫, 输入消耗token:3772(缓存命中:1920), 输出消耗token:75, 共计消耗token:3847"}
{"level":"INFO","time":"2026-02-11T01:16:42.575+0800","caller":"graph/node.go:28","msg":"回答用户(router): 梦猫, 输入消耗token:556(缓存命中:512), 输出消耗token:1, 共计消耗token:557"}
{"level":"INFO","time":"2026-02-11T01:16:42.890+0800","caller":"graph/node.go:54","msg":"回答用户(easyChat): 梦猫, 输入消耗token:3864(缓存命中:0), 输出消耗token:85, 共计消耗token:3949"}
{"level":"INFO","time":"2026-02-11T01:17:01.305+0800","caller":"graph/node.go:28","msg":"回答用户(router): 梦猫, 输入消耗token:555(缓存命中:0), 输出消耗token:2, 共计消耗token:557"}
{"level":"INFO","time":"2026-02-11T01:17:04.305+0800","caller":"graph/node.go:113","msg":"回答用户(complexChat): 梦猫, 输入消耗token:3941(缓存命中:0), 输出消耗token:95, 共计消耗token:4036"}
{"level":"INFO","time":"2026-02-11T01:17:21.785+0800","caller":"graph/node.go:28","msg":"回答用户(router): 梦猫, 输入消耗token:559(缓存命中:0), 输出消耗token:1, 共计消耗token:560"}
{"level":"INFO","time":"2026-02-11T01:17:24.559+0800","caller":"graph/node.go:54","msg":"回答用户(easyChat): 梦猫, 输入消耗token:4014(缓存命中:1920), 输出消耗token:97, 共计消耗token:4111"}
{"level":"INFO","time":"2026-02-11T01:17:52.619+0800","caller":"graph/node.go:28","msg":"回答用户(router): 梦猫, 输入消耗token:563(缓存命中:0), 输出消耗token:1, 共计消耗token:564"}
{"level":"INFO","time":"2026-02-11T01:17:55.837+0800","caller":"graph/node.go:54","msg":"回答用户(easyChat): 梦猫, 输入消耗token:4071(缓存命中:0), 输出消耗token:111, 共计消耗token:4182"}
{"level":"INFO","time":"2026-02-11T01:18:09.415+0800","caller":"graph/node.go:28","msg":"回答用户(router): 梦猫, 输入消耗token:553(缓存命中:0), 输出消耗token:1, 共计消耗token:554"}
{"level":"INFO","time":"2026-02-11T01:18:12.765+0800","caller":"graph/node.go:54","msg":"回答用户(easyChat): 梦猫, 输入消耗token:4127(缓存命中:1920), 输出消耗token:116, 共计消耗token:4243"}
{"level":"INFO","time":"2026-02-11T01:18:40.348+0800","caller":"graph/node.go:28","msg":"回答用户(router): 梦猫, 输入消耗token:556(缓存命中:0), 输出消耗token:1, 共计消耗token:557"}
{"level":"INFO","time":"2026-02-11T01:18:43.793+0800","caller":"graph/node.go:54","msg":"回答用户(easyChat): 梦猫, 输入消耗token:4180(缓存命中:0), 输出消耗token:110, 共计消耗token:4290"}
{"level":"INFO","time":"2026-02-11T01:18:48.655+0800","caller":"graph/node.go:28","msg":"回答用户(router): 梦猫, 输入消耗token:551(缓存命中:0), 输出消耗token:1, 共计消耗token:552"}
{"level":"INFO","time":"2026-02-11T01:18:51.960+0800","caller":"graph/node.go:54","msg":"回答用户(easyChat): 梦猫, 输入消耗token:4208(缓存命中:0), 输出消耗token:107, 共计消耗token:4315"}
{"level":"INFO","time":"2026-02-11T01:19:02.867+0800","caller":"graph/node.go:28","msg":"回答用户(router): 梦猫, 输入消耗token:554(缓存命中:0), 输出消耗token:1, 共计消耗token:555"}
{"level":"INFO","time":"2026-02-11T01:19:06.533+0800","caller":"graph/node.go:54","msg":"回答用户(easyChat): 梦猫, 输入消耗token:4247(缓存命中:1920), 输出消耗token:117, 共计消耗token:4364"}
{"level":"INFO","time":"2026-02-11T01:22:22.362+0800","caller":"graph/node.go:28","msg":"回答用户(router): 梦猫, 输入消耗token:550(缓存命中:0), 输出消耗token:1, 共计消耗token:551"}
{"level":"INFO","time":"2026-02-11T01:22:23.573+0800","caller":"graph/node.go:54","msg":"回答用户(easyChat): 梦猫, 输入消耗token:2170(缓存命中:0), 输出消耗token:28, 共计消耗token:2198"}
{"level":"INFO","time":"2026-02-11T01:22:44.426+0800","caller":"graph/node.go:28","msg":"回答用户(router): 梦猫, 输入消耗token:560(缓存命中:0), 输出消耗token:1, 共计消耗token:561"}
{"level":"INFO","time":"2026-02-11T01:22:47.643+0800","caller":"graph/node.go:54","msg":"回答用户(easyChat): 梦猫, 输入消耗token:2227(缓存命中:0), 输出消耗token:84, 共计消耗token:2311"}
{"level":"INFO","time":"2026-02-11T01:22:58.412+0800","caller":"graph/node.go:28","msg":"回答用户(router): 梦猫, 输入消耗token:552(缓存命中:0), 输出消耗token:1, 共计消耗token:553"}
{"level":"INFO","time":"2026-02-11T01:23:01.943+0800","caller":"graph/node.go:54","msg":"回答用户(easyChat): 梦猫, 输入消耗token:2324(缓存命中:0), 输出消耗token:96, 共计消耗token:2420"}
{"level":"INFO","time":"2026-02-11T01:23:21.182+0800","caller":"graph/node.go:28","msg":"回答用户(router): 梦猫, 输入消耗token:556(缓存命中:0), 输出消耗token:1, 共计消耗token:557"}
{"level":"INFO","time":"2026-02-11T01:23:24.269+0800","caller":"graph/node.go:54","msg":"回答用户(easyChat): 梦猫, 输入消耗token:2438(缓存命中:0), 输出消耗token:102, 共计消耗token:2540"}
{"level":"INFO","time":"2026-02-11T01:23:38.588+0800","caller":"graph/node.go:28","msg":"回答用户(router): 梦猫, 输入消耗token:555(缓存命中:0), 输出消耗token:1, 共计消耗token:556"}
{"level":"INFO","time":"2026-02-11T01:23:41.824+0800","caller":"graph/node.go:54","msg":"回答用户(easyChat): 梦猫, 输入消耗token:2556(缓存命中:0), 输出消耗token:97, 共计消耗token:2653"}
{"level":"INFO","time":"2026-02-11T01:24:06.110+0800","caller":"graph/node.go:28","msg":"回答用户(router): 梦猫, 输入消耗token:557(缓存命中:512), 输出消耗token:1, 共计消耗token:558"}
{"level":"INFO","time":"2026-02-11T01:24:05.510+0800","caller":"graph/node.go:54","msg":"回答用户(easyChat): 梦猫, 输入消耗token:2671(缓存命中:0), 输出消耗token:121, 共计消耗token:2792"}
{"level":"INFO","time":"2026-02-11T01:24:50.291+0800","caller":"graph/node.go:28","msg":"回答用户(router): 梦猫, 输入消耗token:565(缓存命中:0), 输出消耗token:1, 共计消耗token:566"}
{"level":"INFO","time":"2026-02-11T01:24:54.285+0800","caller":"graph/node.go:54","msg":"回答用户(easyChat): 梦猫, 输入消耗token:2819(缓存命中:0), 输出消耗token:132, 共计消耗token:2951"}
{"level":"INFO","time":"2026-02-11T01:25:22.489+0800","caller":"graph/node.go:28","msg":"回答用户(router): 梦猫, 输入消耗token:558(缓存命中:512), 输出消耗token:1, 共计消耗token:559"}
{"level":"INFO","time":"2026-02-11T01:25:26.259+0800","caller":"graph/node.go:54","msg":"回答用户(easyChat): 梦猫, 输入消耗token:2971(缓存命中:1920), 输出消耗token:142, 共计消耗token:3113"}
{"level":"INFO","time":"2026-02-11T01:25:44.812+0800","caller":"graph/node.go:28","msg":"回答用户(router): 梦猫, 输入消耗token:556(缓存命中:0), 输出消耗token:1, 共计消耗token:557"}
{"level":"INFO","time":"2026-02-11T01:25:48.903+0800","caller":"graph/node.go:54","msg":"回答用户(easyChat): 梦猫, 输入消耗token:3131(缓存命中:1920), 输出消耗token:143, 共计消耗token:3274"}
{"level":"INFO","time":"2026-02-11T01:26:00.471+0800","caller":"graph/node.go:28","msg":"回答用户(router): 梦猫, 输入消耗token:554(缓存命中:0), 输出消耗token:1, 共计消耗token:555"}
{"level":"INFO","time":"2026-02-11T01:26:04.034+0800","caller":"graph/node.go:54","msg":"回答用户(easyChat): 梦猫, 输入消耗token:3290(缓存命中:0), 输出消耗token:150, 共计消耗token:3440"}
{"level":"INFO","time":"2026-02-11T01:26:20.031+0800","caller":"graph/node.go:28","msg":"回答用户(router): 梦猫, 输入消耗token:555(缓存命中:0), 输出消耗token:1, 共计消耗token:556"}
{"level":"INFO","time":"2026-02-11T01:26:23.721+0800","caller":"graph/node.go:54","msg":"回答用户(easyChat): 梦猫, 输入消耗token:3457(缓存命中:0), 输出消耗token:157, 共计消耗token:3614"}
{"level":"INFO","time":"2026-02-11T01:26:46.275+0800","caller":"graph/node.go:28","msg":"回答用户(router): 梦猫, 输入消耗token:556(缓存命中:512), 输出消耗token:1, 共计消耗token:557"}
{"level":"INFO","time":"2026-02-11T01:26:49.455+0800","caller":"graph/node.go:54","msg":"回答用户(easyChat): 梦猫, 输入消耗token:3632(缓存命中:1920), 输出消耗token:119, 共计消耗token:3751"}
{"level":"INFO","time":"2026-02-11T01:27:39.909+0800","caller":"graph/node.go:28","msg":"回答用户(router): 梦猫, 输入消耗token:559(缓存命中:0), 输出消耗token:1, 共计消耗token:560"}
{"level":"INFO","time":"2026-02-11T01:27:43.589+0800","caller":"graph/node.go:54","msg":"回答用户(easyChat): 梦猫, 输入消耗token:3772(缓存命中:0), 输出消耗token:130, 共计消耗token:3902"}
{"level":"INFO","time":"2026-02-11T01:28:17.284+0800","caller":"graph/node.go:28","msg":"回答用户(router): 梦猫, 输入消耗token:556(缓存命中:0), 输出消耗token:1, 共计消耗token:557"}
{"level":"INFO","time":"2026-02-11T01:28:21.497+0800","caller":"graph/node.go:54","msg":"回答用户(easyChat): 梦猫, 输入消耗token:3920(缓存命中:0), 输出消耗token:125, 共计消耗token:4045"}
{"level":"INFO","time":"2026-02-11T01:29:10.250+0800","caller":"graph/node.go:28","msg":"回答用户(router): 梦猫, 输入消耗token:559(缓存命中:0), 输出消耗token:1, 共计消耗token:560"}
{"level":"INFO","time":"2026-02-11T01:29:14.320+0800","caller":"graph/node.go:54","msg":"回答用户(easyChat): 梦猫, 输入消耗token:4066(缓存命中:0), 输出消耗token:126, 共计消耗token:4192"}
{"level":"INFO","time":"2026-02-11T01:29:53.064+0800","caller":"graph/node.go:28","msg":"回答用户(router): 梦猫, 输入消耗token:565(缓存命中:0), 输出消耗token:1, 共计消耗token:566"}
{"level":"INFO","time":"2026-02-11T01:29:58.166+0800","caller":"graph/node.go:54","msg":"回答用户(easyChat): 梦猫, 输入消耗token:4217(缓存命中:0), 输出消耗token:141, 共计消耗token:4358"}
{"level":"INFO","time":"2026-02-11T01:30:23.262+0800","caller":"graph/node.go:28","msg":"回答用户(router): 梦猫, 输入消耗token:551(缓存命中:0), 输出消耗token:2, 共计消耗token:553"}
{"level":"INFO","time":"2026-02-11T01:30:26.977+0800","caller":"graph/node.go:113","msg":"回答用户(complexChat): 梦猫, 输入消耗token:4371(缓存命中:0), 输出消耗token:112, 共计消耗token:4483"}
{"level":"INFO","time":"2026-02-11T01:30:36.608+0800","caller":"graph/node.go:28","msg":"回答用户(router): 梦猫, 输入消耗token:553(缓存命中:0), 输出消耗token:1, 共计消耗token:554"}
{"level":"INFO","time":"2026-02-11T01:30:37.347+0800","caller":"graph/node.go:54","msg":"回答用户(easyChat): 梦猫, 输入消耗token:4497(缓存命中:0), 输出消耗token:91, 共计消耗token:4588"}
{"level":"INFO","time":"2026-02-11T01:30:50.846+0800","caller":"graph/node.go:28","msg":"回答用户(router): 梦猫, 输入消耗token:551(缓存命中:0), 输出消耗token:1, 共计消耗token:552"}
{"level":"INFO","time":"2026-02-11T01:30:53.217+0800","caller":"graph/node.go:54","msg":"回答用户(easyChat): 梦猫, 输入消耗token:4601(缓存命中:0), 输出消耗token:72, 共计消耗token:4673"}
{"level":"INFO","time":"2026-02-11T01:31:02.827+0800","caller":"graph/node.go:28","msg":"回答用户(router): 梦猫, 输入消耗token:551(缓存命中:0), 输出消耗token:1, 共计消耗token:552"}
{"level":"INFO","time":"2026-02-11T01:31:05.134+0800","caller":"graph/node.go:54","msg":"回答用户(easyChat): 梦猫, 输入消耗token:4686(缓存命中:0), 输出消耗token:72, 共计消耗token:4758"}
{"level":"INFO","time":"2026-02-11T01:31:21.469+0800","caller":"graph/node.go:28","msg":"回答用户(router): 梦猫, 输入消耗token:552(缓存命中:512), 输出消耗token:2, 共计消耗token:554"}
{"level":"INFO","time":"2026-02-11T01:31:24.056+0800","caller":"graph/node.go:113","msg":"回答用户(complexChat): 梦猫, 输入消耗token:4772(缓存命中:1920), 输出消耗token:94, 共计消耗token:4866"}
{"level":"INFO","time":"2026-02-11T01:31:27.429+0800","caller":"graph/node.go:28","msg":"回答用户(router): 梦猫, 输入消耗token:552(缓存命中:512), 输出消耗token:2, 共计消耗token:554"}
{"level":"INFO","time":"2026-02-11T01:31:29.643+0800","caller":"graph/node.go:113","msg":"回答用户(complexChat): 梦猫, 输入消耗token:4881(缓存命中:1920), 输出消耗token:94, 共计消耗token:4975"}
{"level":"INFO","time":"2026-02-11T01:31:48.504+0800","caller":"graph/node.go:28","msg":"回答用户(router): 梦猫, 输入消耗token:557(缓存命中:0), 输出消耗token:1, 共计消耗token:558"}
{"level":"INFO","time":"2026-02-11T01:31:52.533+0800","caller":"graph/node.go:54","msg":"回答用户(easyChat): 梦猫, 输入消耗token:4995(缓存命中:0), 输出消耗token:147, 共计消耗token:5142"}
{"level":"INFO","time":"2026-02-11T01:32:33.181+0800","caller":"graph/node.go:28","msg":"回答用户(router): 梦猫, 输入消耗token:554(缓存命中:0), 输出消耗token:1, 共计消耗token:555"}
{"level":"INFO","time":"2026-02-11T01:32:36.871+0800","caller":"graph/node.go:54","msg":"回答用户(easyChat): 梦猫, 输入消耗token:5158(缓存命中:1920), 输出消耗token:129, 共计消耗token:5287"}
{"level":"INFO","time":"2026-02-11T01:33:06.291+0800","caller":"graph/node.go:28","msg":"回答用户(router): 梦猫, 输入消耗token:555(缓存命中:512), 输出消耗token:1, 共计消耗token:556"}
{"level":"INFO","time":"2026-02-11T01:33:10.505+0800","caller":"graph/node.go:54","msg":"回答用户(easyChat): 梦猫, 输入消耗token:5301(缓存命中:1920), 输出消耗token:143, 共计消耗token:5444"}
{"level":"INFO","time":"2026-02-11T01:35:21.377+0800","caller":"graph/node.go:28","msg":"回答用户(router): 梦猫, 输入消耗token:562(缓存命中:0), 输出消耗token:1, 共计消耗token:563"}
{"level":"INFO","time":"2026-02-11T01:35:25.936+0800","caller":"graph/node.go:54","msg":"回答用户(easyChat): 梦猫, 输入消耗token:5468(缓存命中:0), 输出消耗token:138, 共计消耗token:5606"}
{"level":"INFO","time":"2026-02-11T01:35:35.104+0800","caller":"graph/node.go:28","msg":"回答用户(router): 梦猫, 输入消耗token:553(缓存命中:512), 输出消耗token:1, 共计消耗token:554"}
{"level":"INFO","time":"2026-02-11T01:35:39.014+0800","caller":"graph/node.go:54","msg":"回答用户(easyChat): 梦猫, 输入消耗token:5581(缓存命中:0), 输出消耗token:151, 共计消耗token:5732"}
{"level":"INFO","time":"2026-02-11T01:35:52.209+0800","caller":"graph/node.go:28","msg":"回答用户(router): 梦猫, 输入消耗token:551(缓存命中:0), 输出消耗token:1, 共计消耗token:552"}
{"level":"INFO","time":"2026-02-11T01:35:54.982+0800","caller":"graph/node.go:54","msg":"回答用户(easyChat): 梦猫, 输入消耗token:5639(缓存命中:0), 输出消耗token:82, 共计消耗token:5721"}
{"level":"INFO","time":"2026-02-11T01:36:51.899+0800","caller":"graph/node.go:28","msg":"回答用户(router): 梦猫, 输入消耗token:552(缓存命中:0), 输出消耗token:1, 共计消耗token:553"}
{"level":"INFO","time":"2026-02-11T01:36:53.869+0800","caller":"graph/node.go:54","msg":"回答用户(easyChat): 梦猫, 输入消耗token:5625(缓存命中:0), 输出消耗token:72, 共计消耗token:5697"}
{"level":"INFO","time":"2026-02-11T01:37:51.665+0800","caller":"graph/node.go:28","msg":"回答用户(router): 梦猫, 输入消耗token:551(缓存命中:0), 输出消耗token:1, 共计消耗token:552"}
{"level":"INFO","time":"2026-02-11T01:37:54.125+0800","caller":"graph/node.go:54","msg":"回答用户(easyChat): 梦猫, 输入消耗token:5590(缓存命中:0), 输出消耗token:83, 共计消耗token:5673"}
{"level":"INFO","time":"2026-02-11T01:38:11.194+0800","caller":"graph/node.go:28","msg":"回答用户(router): 梦猫, 输入消耗token:552(缓存命中:0), 输出消耗token:1, 共计消耗token:553"}
{"level":"INFO","time":"2026-02-11T01:38:14.394+0800","caller":"graph/node.go:54","msg":"回答用户(easyChat): 梦猫, 输入消耗token:5573(缓存命中:0), 输出消耗token:100, 共计消耗token:5673"}
{"level":"INFO","time":"2026-02-11T01:38:39.083+0800","caller":"graph/node.go:28","msg":"回答用户(router): 梦猫, 输入消耗token:555(缓存命中:0), 输出消耗token:1, 共计消耗token:556"}
{"level":"INFO","time":"2026-02-11T01:38:43.484+0800","caller":"graph/node.go:54","msg":"回答用户(easyChat): 梦猫, 输入消耗token:5550(缓存命中:0), 输出消耗token:135, 共计消耗token:5685"}
{"level":"INFO","time":"2026-02-11T01:38:55.663+0800","caller":"graph/node.go:28","msg":"回答用户(router): 梦猫, 输入消耗token:550(缓存命中:512), 输出消耗token:1, 共计消耗token:551"}
{"level":"INFO","time":"2026-02-11T01:38:58.313+0800","caller":"graph/node.go:54","msg":"回答用户(easyChat): 梦猫, 输入消耗token:5537(缓存命中:0), 输出消耗token:81, 共计消耗token:5618"}
{"level":"INFO","time":"2026-02-11T01:39:12.400+0800","caller":"graph/node.go:28","msg":"回答用户(router): 梦猫, 输入消耗token:555(缓存命中:0), 输出消耗token:1, 共计消耗token:556"}
{"level":"INFO","time":"2026-02-11T01:39:15.690+0800","caller":"graph/node.go:54","msg":"回答用户(easyChat): 梦猫, 输入消耗token:5473(缓存命中:0), 输出消耗token:98, 共计消耗token:5571"}
{"level":"INFO","time":"2026-02-11T01:39:27.229+0800","caller":"graph/node.go:28","msg":"回答用户(router): 梦猫, 输入消耗token:553(缓存命中:0), 输出消耗token:2, 共计消耗token:555"}
{"level":"INFO","time":"2026-02-11T01:39:31.354+0800","caller":"graph/node.go:113","msg":"回答用户(complexChat): 梦猫, 输入消耗token:5425(缓存命中:0), 输出消耗token:126, 共计消耗token:5551"}
{"level":"INFO","time":"2026-02-11T01:39:48.654+0800","caller":"graph/node.go:28","msg":"回答用户(router): 梦猫, 输入消耗token:551(缓存命中:0), 输出消耗token:1, 共计消耗token:552"}
{"level":"INFO","time":"2026-02-11T01:39:51.871+0800","caller":"graph/node.go:54","msg":"回答用户(easyChat): 梦猫, 输入消耗token:5399(缓存命中:0), 输出消耗token:97, 共计消耗token:5496"}
{"level":"INFO","time":"2026-02-11T01:40:06.661+0800","caller":"graph/node.go:28","msg":"回答用户(router): 梦猫, 输入消耗token:553(缓存命中:0), 输出消耗token:1, 共计消耗token:554"}
{"level":"INFO","time":"2026-02-11T01:40:09.001+0800","caller":"graph/node.go:54","msg":"回答用户(easyChat): 梦猫, 输入消耗token:5337(缓存命中:0), 输出消耗token:79, 共计消耗token:5416"}
{"level":"INFO","time":"2026-02-11T01:40:32.740+0800","caller":"graph/node.go:28","msg":"回答用户(router): 梦猫, 输入消耗token:558(缓存命中:0), 输出消耗token:1, 共计消耗token:559"}
{"level":"INFO","time":"2026-02-11T01:40:36.740+0800","caller":"graph/node.go:54","msg":"回答用户(easyChat): 梦猫, 输入消耗token:5298(缓存命中:0), 输出消耗token:145, 共计消耗token:5443"}
{"level":"INFO","time":"2026-02-11T01:40:48.520+0800","caller":"graph/node.go:28","msg":"回答用户(router): 梦猫, 输入消耗token:550(缓存命中:512), 输出消耗token:1, 共计消耗token:551"}
{"level":"INFO","time":"2026-02-11T01:40:52.100+0800","caller":"graph/node.go:54","msg":"回答用户(easyChat): 梦猫, 输入消耗token:5304(缓存命中:0), 输出消耗token:115, 共计消耗token:5419"}
{"level":"INFO","time":"2026-02-11T01:41:04.209+0800","caller":"graph/node.go:28","msg":"回答用户(router): 梦猫, 输入消耗token:554(缓存命中:0), 输出消耗token:1, 共计消耗token:555"}
{"level":"INFO","time":"2026-02-11T01:41:06.749+0800","caller":"graph/node.go:54","msg":"回答用户(easyChat): 梦猫, 输入消耗token:5290(缓存命中:0), 输出消耗token:95, 共计消耗token:5385"}
{"level":"INFO","time":"2026-02-11T01:41:28.368+0800","caller":"graph/node.go:28","msg":"回答用户(router): 梦猫, 输入消耗token:554(缓存命中:0), 输出消耗token:1, 共计消耗token:555"}
{"level":"INFO","time":"2026-02-11T01:41:31.378+0800","caller":"graph/node.go:54","msg":"回答用户(easyChat): 梦猫, 输入消耗token:5256(缓存命中:0), 输出消耗token:121, 共计消耗token:5377"}
{"level":"INFO","time":"2026-02-11T01:41:49.313+0800","caller":"graph/node.go:28","msg":"回答用户(router): 梦猫, 输入消耗token:555(缓存命中:0), 输出消耗token:1, 共计消耗token:556"}
{"level":"INFO","time":"2026-02-11T01:41:52.977+0800","caller":"graph/node.go:54","msg":"回答用户(easyChat): 梦猫, 输入消耗token:5225(缓存命中:0), 输出消耗token:130, 共计消耗token:5355"}
{"level":"INFO","time":"2026-02-11T01:42:10.621+0800","caller":"graph/node.go:28","msg":"回答用户(router): 梦猫, 输入消耗token:553(缓存命中:0), 输出消耗token:1, 共计消耗token:554"}
{"level":"INFO","time":"2026-02-11T01:42:14.934+0800","caller":"graph/node.go:54","msg":"回答用户(easyChat): 梦猫, 输入消耗token:5246(缓存命中:0), 输出消耗token:145, 共计消耗token:5391"}
{"level":"INFO","time":"2026-02-11T01:42:38.013+0800","caller":"graph/node.go:28","msg":"回答用户(router): 梦猫, 输入消耗token:553(缓存命中:0), 输出消耗token:1, 共计消耗token:554"}
{"level":"INFO","time":"2026-02-11T01:42:41.283+0800","caller":"graph/node.go:54","msg":"回答用户(easyChat): 梦猫, 输入消耗token:5300(缓存命中:0), 输出消耗token:107, 共计消耗token:5407"}
{"level":"INFO","time":"2026-02-11T01:42:55.538+0800","caller":"graph/node.go:28","msg":"回答用户(router): 梦猫, 输入消耗token:550(缓存命中:0), 输出消耗token:1, 共计消耗token:551"}
{"level":"INFO","time":"2026-02-11T01:42:59.153+0800","caller":"graph/node.go:54","msg":"回答用户(easyChat): 梦猫, 输入消耗token:5334(缓存命中:1920), 输出消耗token:137, 共计消耗token:5471"}
{"level":"INFO","time":"2026-02-11T01:43:18.233+0800","caller":"graph/node.go:28","msg":"回答用户(router): 梦猫, 输入消耗token:553(缓存命中:0), 输出消耗token:1, 共计消耗token:554"}
{"level":"INFO","time":"2026-02-11T01:43:21.787+0800","caller":"graph/node.go:54","msg":"回答用户(easyChat): 梦猫, 输入消耗token:5401(缓存命中:1920), 输出消耗token:141, 共计消耗token:5542"}
{"level":"INFO","time":"2026-02-11T01:43:47.177+0800","caller":"graph/node.go:28","msg":"回答用户(router): 梦猫, 输入消耗token:554(缓存命中:0), 输出消耗token:1, 共计消耗token:555"}
{"level":"INFO","time":"2026-02-11T01:43:51.066+0800","caller":"graph/node.go:54","msg":"回答用户(easyChat): 梦猫, 输入消耗token:5449(缓存命中:0), 输出消耗token:113, 共计消耗token:5562"}
{"level":"INFO","time":"2026-02-11T01:44:18.839+0800","caller":"graph/node.go:28","msg":"回答用户(router): 梦猫, 输入消耗token:555(缓存命中:0), 输出消耗token:2, 共计消耗token:557"}
{"level":"INFO","time":"2026-02-11T01:44:23.053+0800","caller":"graph/node.go:113","msg":"回答用户(complexChat): 梦猫, 输入消耗token:5470(缓存命中:1920), 输出消耗token:172, 共计消耗token:5642"}
{"level":"INFO","time":"2026-02-11T01:44:36.475+0800","caller":"graph/node.go:28","msg":"回答用户(router): 梦猫, 输入消耗token:550(缓存命中:0), 输出消耗token:1, 共计消耗token:551"}
{"level":"INFO","time":"2026-02-11T01:44:39.139+0800","caller":"graph/node.go:54","msg":"回答用户(easyChat): 梦猫, 输入消耗token:5488(缓存命中:0), 输出消耗token:182, 共计消耗token:5670"}
{"level":"INFO","time":"2026-02-11T01:45:01.699+0800","caller":"graph/node.go:28","msg":"回答用户(router): 梦猫, 输入消耗token:552(缓存命中:0), 输出消耗token:1, 共计消耗token:553"}
{"level":"INFO","time":"2026-02-11T01:45:06.401+0800","caller":"graph/node.go:54","msg":"回答用户(easyChat): 梦猫, 输入消耗token:5542(缓存命中:0), 输出消耗token:139, 共计消耗token:5681"}
{"level":"INFO","time":"2026-02-11T01:45:23.396+0800","caller":"graph/node.go:28","msg":"回答用户(router): 梦猫, 输入消耗token:554(缓存命中:0), 输出消耗token:1, 共计消耗token:555"}
{"level":"INFO","time":"2026-02-11T01:45:26.505+0800","caller":"graph/node.go:54","msg":"回答用户(easyChat): 梦猫, 输入消耗token:5536(缓存命中:0), 输出消耗token:95, 共计消耗token:5631"}
{"level":"INFO","time":"2026-02-11T01:45:38.476+0800","caller":"graph/node.go:28","msg":"回答用户(router): 梦猫, 输入消耗token:552(缓存命中:0), 输出消耗token:1, 共计消耗token:553"}
{"level":"INFO","time":"2026-02-11T01:45:40.429+0800","caller":"graph/node.go:54","msg":"回答用户(easyChat): 梦猫, 输入消耗token:5483(缓存命中:0), 输出消耗token:129, 共计消耗token:5612"}
{"level":"INFO","time":"2026-02-11T01:45:57.513+0800","caller":"graph/node.go:28","msg":"回答用户(router): 梦猫, 输入消耗token:551(缓存命中:0), 输出消耗token:1, 共计消耗token:552"}
{"level":"INFO","time":"2026-02-11T01:46:00.666+0800","caller":"graph/node.go:54","msg":"回答用户(easyChat): 梦猫, 输入消耗token:5460(缓存命中:0), 输出消耗token:96, 共计消耗token:5556"}
{"level":"INFO","time":"2026-02-11T01:46:11.583+0800","caller":"graph/node.go:28","msg":"回答用户(router): 梦猫, 输入消耗token:550(缓存命中:0), 输出消耗token:1, 共计消耗token:551"}
{"level":"INFO","time":"2026-02-11T01:46:14.640+0800","caller":"graph/node.go:54","msg":"回答用户(easyChat): 梦猫, 输入消耗token:5474(缓存命中:0), 输出消耗token:82, 共计消耗token:5556"}
{"level":"INFO","time":"2026-02-11T01:46:23.389+0800","caller":"graph/node.go:28","msg":"回答用户(router): 梦猫, 输入消耗token:551(缓存命中:0), 输出消耗token:1, 共计消耗token:552"}
{"level":"INFO","time":"2026-02-11T01:46:26.411+0800","caller":"graph/node.go:54","msg":"回答用户(easyChat): 梦猫, 输入消耗token:5484(缓存命中:0), 输出消耗token:116, 共计消耗token:5600"}
{"level":"INFO","time":"2026-02-11T02:14:39.029+0800","caller":"graph/node.go:28","msg":"回答用户(router): 梦猫, 输入消耗token:553(缓存命中:0), 输出消耗token:1, 共计消耗token:554"}
{"level":"INFO","time":"2026-02-11T02:14:41.949+0800","caller":"graph/node.go:54","msg":"回答用户(easyChat): 梦猫, 输入消耗token:5520(缓存命中:0), 输出消耗token:129, 共计消耗token:5649"}
{"level":"INFO","time":"2026-02-11T02:15:26.453+0800","caller":"graph/node.go:28","msg":"回答用户(router): 梦猫, 输入消耗token:562(缓存命中:512), 输出消耗token:1, 共计消耗token:563"}
{"level":"INFO","time":"2026-02-11T02:15:29.226+0800","caller":"graph/node.go:54","msg":"回答用户(easyChat): 梦猫, 输入消耗token:5559(缓存命中:0), 输出消耗token:88, 共计消耗token:5647"}
{"level":"INFO","time":"2026-02-11T02:15:38.456+0800","caller":"graph/node.go:28","msg":"回答用户(router): 梦猫, 输入消耗token:550(缓存命中:512), 输出消耗token:1, 共计消耗token:551"}
{"level":"INFO","time":"2026-02-11T02:15:41.868+0800","caller":"graph/node.go:54","msg":"回答用户(easyChat): 梦猫, 输入消耗token:5507(缓存命中:0), 输出消耗token:108, 共计消耗token:5615"}
{"level":"INFO","time":"2026-02-11T02:15:56.564+0800","caller":"graph/node.go:28","msg":"回答用户(router): 梦猫, 输入消耗token:553(缓存命中:0), 输出消耗token:1, 共计消耗token:554"}
{"level":"INFO","time":"2026-02-11T02:16:00.626+0800","caller":"graph/node.go:54","msg":"回答用户(easyChat): 梦猫, 输入消耗token:5538(缓存命中:0), 输出消耗token:154, 共计消耗token:5692"}
{"level":"INFO","time":"2026-02-11T02:16:10.095+0800","caller":"graph/node.go:28","msg":"回答用户(router): 梦猫, 输入消耗token:551(缓存命中:0), 输出消耗token:1, 共计消耗token:552"}
{"level":"INFO","time":"2026-02-11T02:16:13.024+0800","caller":"graph/node.go:54","msg":"回答用户(easyChat): 梦猫, 输入消耗token:5590(缓存命中:1920), 输出消耗token:124, 共计消耗token:5714"}
{"level":"INFO","time":"2026-02-11T02:16:27.290+0800","caller":"graph/node.go:28","msg":"回答用户(router): 梦猫, 输入消耗token:552(缓存命中:512), 输出消耗token:1, 共计消耗token:553"}
{"level":"INFO","time":"2026-02-11T02:16:30.916+0800","caller":"graph/node.go:54","msg":"回答用户(easyChat): 梦猫, 输入消耗token:5586(缓存命中:0), 输出消耗token:126, 共计消耗token:5712"}
{"level":"INFO","time":"2026-02-11T02:16:36.301+0800","caller":"graph/node.go:28","msg":"回答用户(router): 梦猫, 输入消耗token:553(缓存命中:512), 输出消耗token:1, 共计消耗token:554"}
{"level":"INFO","time":"2026-02-11T02:16:38.869+0800","caller":"graph/node.go:54","msg":"回答用户(easyChat): 梦猫, 输入消耗token:5616(缓存命中:0), 输出消耗token:97, 共计消耗token:5713"}
{"level":"INFO","time":"2026-02-11T02:16:49.296+0800","caller":"graph/node.go:28","msg":"回答用户(router): 梦猫, 输入消耗token:550(缓存命中:0), 输出消耗token:1, 共计消耗token:551"}
{"level":"INFO","time":"2026-02-11T02:16:52.080+0800","caller":"graph/node.go:54","msg":"回答用户(easyChat): 梦猫, 输入消耗token:5632(缓存命中:0), 输出消耗token:101, 共计消耗token:5733"}
{"level":"INFO","time":"2026-02-11T02:17:05.827+0800","caller":"graph/node.go:28","msg":"回答用户(router): 梦猫, 输入消耗token:551(缓存命中:0), 输出消耗token:1, 共计消耗token:552"}
{"level":"INFO","time":"2026-02-11T02:17:08.449+0800","caller":"graph/node.go:54","msg":"回答用户(easyChat): 梦猫, 输入消耗token:5582(缓存命中:0), 输出消耗token:116, 共计消耗token:5698"}
{"level":"INFO","time":"2026-02-11T03:17:40.118+0800","caller":"graph/node.go:28","msg":"回答用户(router): 梦猫, 输入消耗token:552(缓存命中:0), 输出消耗token:1, 共计消耗token:553"}
{"level":"INFO","time":"2026-02-11T03:17:43.693+0800","caller":"graph/node.go:54","msg":"回答用户(easyChat): 梦猫, 输入消耗token:5587(缓存命中:0), 输出消耗token:156, 共计消耗token:5743"}
{"level":"INFO","time":"2026-02-11T03:18:26.325+0800","caller":"graph/node.go:28","msg":"回答用户(router): 梦猫, 输入消耗token:556(缓存命中:0), 输出消耗token:1, 共计消耗token:557"}
{"level":"INFO","time":"2026-02-11T03:18:30.116+0800","caller":"graph/node.go:54","msg":"回答用户(easyChat): 梦猫, 输入消耗token:5650(缓存命中:0), 输出消耗token:143, 共计消耗token:5793"}
{"level":"INFO","time":"2026-02-11T03:18:48.295+0800","caller":"graph/node.go:28","msg":"回答用户(router): 梦猫, 输入消耗token:551(缓存命中:0), 输出消耗token:1, 共计消耗token:552"}
{"level":"INFO","time":"2026-02-11T03:18:49.736+0800","caller":"graph/node.go:54","msg":"回答用户(easyChat): 梦猫, 输入消耗token:5670(缓存命中:0), 输出消耗token:146, 共计消耗token:5816"}
{"level":"INFO","time":"2026-02-11T03:19:10.532+0800","caller":"graph/node.go:28","msg":"回答用户(router): 梦猫, 输入消耗token:550(缓存命中:0), 输出消耗token:1, 共计消耗token:551"}
{"level":"INFO","time":"2026-02-11T03:19:13.736+0800","caller":"graph/node.go:54","msg":"回答用户(easyChat): 梦猫, 输入消耗token:5681(缓存命中:0), 输出消耗token:118, 共计消耗token:5799"}
{"level":"INFO","time":"2026-02-11T03:19:26.661+0800","caller":"graph/node.go:28","msg":"回答用户(router): 梦猫, 输入消耗token:551(缓存命中:512), 输出消耗token:1, 共计消耗token:552"}
{"level":"INFO","time":"2026-02-11T03:19:30.757+0800","caller":"graph/node.go:54","msg":"回答用户(easyChat): 梦猫, 输入消耗token:5653(缓存命中:0), 输出消耗token:174, 共计消耗token:5827"}
{"level":"INFO","time":"2026-02-11T03:20:19.558+0800","caller":"graph/node.go:28","msg":"回答用户(router): 梦猫, 输入消耗token:554(缓存命中:0), 输出消耗token:1, 共计消耗token:555"}
{"level":"INFO","time":"2026-02-11T03:20:22.627+0800","caller":"graph/node.go:54","msg":"回答用户(easyChat): 梦猫, 输入消耗token:5722(缓存命中:0), 输出消耗token:126, 共计消耗token:5848"}
{"level":"INFO","time":"2026-02-11T03:20:47.516+0800","caller":"graph/node.go:28","msg":"回答用户(router): 梦猫, 输入消耗token:554(缓存命中:0), 输出消耗token:1, 共计消耗token:555"}
{"level":"INFO","time":"2026-02-11T03:20:50.556+0800","caller":"graph/node.go:54","msg":"回答用户(easyChat): 梦猫, 输入消耗token:5715(缓存命中:1920), 输出消耗token:131, 共计消耗token:5846"}
{"level":"INFO","time":"2026-02-11T03:21:17.523+0800","caller":"graph/node.go:28","msg":"回答用户(router): 梦猫, 输入消耗token:556(缓存命中:512), 输出消耗token:1, 共计消耗token:557"}
{"level":"INFO","time":"2026-02-11T03:21:21.383+0800","caller":"graph/node.go:54","msg":"回答用户(easyChat): 梦猫, 输入消耗token:5707(缓存命中:0), 输出消耗token:167, 共计消耗token:5874"}
{"level":"INFO","time":"2026-02-11T03:21:34.484+0800","caller":"graph/node.go:28","msg":"回答用户(router): 梦猫, 输入消耗token:551(缓存命中:0), 输出消耗token:1, 共计消耗token:552"}
{"level":"INFO","time":"2026-02-11T03:21:38.752+0800","caller":"graph/node.go:54","msg":"回答用户(easyChat): 梦猫, 输入消耗token:5757(缓存命中:0), 输出消耗token:157, 共计消耗token:5914"}
{"level":"INFO","time":"2026-02-11T03:22:09.812+0800","caller":"graph/node.go:28","msg":"回答用户(router): 梦猫, 输入消耗token:553(缓存命中:512), 输出消耗token:1, 共计消耗token:554"}
{"level":"INFO","time":"2026-02-11T03:22:13.808+0800","caller":"graph/node.go:54","msg":"回答用户(easyChat): 梦猫, 输入消耗token:5739(缓存命中:0), 输出消耗token:158, 共计消耗token:5897"}
{"level":"INFO","time":"2026-02-11T03:22:59.576+0800","caller":"graph/node.go:28","msg":"回答用户(router): 梦猫, 输入消耗token:553(缓存命中:0), 输出消耗token:1, 共计消耗token:554"}
{"level":"INFO","time":"2026-02-11T03:23:05.599+0800","caller":"graph/node.go:54","msg":"回答用户(easyChat): 梦猫, 输入消耗token:5718(缓存命中:0), 输出消耗token:287, 共计消耗token:6005"}
{"level":"INFO","time":"2026-02-11T03:23:35.980+0800","caller":"graph/node.go:28","msg":"回答用户(router): 梦猫, 输入消耗token:559(缓存命中:0), 输出消耗token:1, 共计消耗token:560"}
{"level":"INFO","time":"2026-02-11T03:23:40.207+0800","caller":"graph/node.go:54","msg":"回答用户(easyChat): 梦猫, 输入消耗token:5874(缓存命中:0), 输出消耗token:172, 共计消耗token:6046"}
{"level":"INFO","time":"2026-02-11T13:34:49.028+0800","caller":"graph/node.go:28","msg":"回答用户(router): 梦猫, 输入消耗token:550(缓存命中:0), 输出消耗token:1, 共计消耗token:551"}
{"level":"INFO","time":"2026-02-11T13:34:49.942+0800","caller":"graph/node.go:54","msg":"回答用户(easyChat): 梦猫, 输入消耗token:2162(缓存命中:0), 输出消耗token:25, 共计消耗token:2187"}
{"level":"INFO","time":"2026-02-11T13:34:57.965+0800","caller":"graph/node.go:28","msg":"回答用户(router): 梦猫, 输入消耗token:551(缓存命中:0), 输出消耗token:1, 共计消耗token:552"}
{"level":"INFO","time":"2026-02-11T13:34:59.575+0800","caller":"graph/node.go:54","msg":"回答用户(easyChat): 梦猫, 输入消耗token:2207(缓存命中:0), 输出消耗token:43, 共计消耗token:2250"}
{"level":"INFO","time":"2026-02-11T13:35:21.943+0800","caller":"graph/node.go:28","msg":"回答用户(router): 梦猫, 输入消耗token:556(缓存命中:0), 输出消耗token:2, 共计消耗token:558"}
{"level":"INFO","time":"2026-02-11T13:35:23.683+0800","caller":"graph/node.go:113","msg":"回答用户(complexChat): 梦猫, 输入消耗token:2265(缓存命中:0), 输出消耗token:73, 共计消耗token:2338"}
{"level":"INFO","time":"2026-02-11T13:35:42.259+0800","caller":"graph/node.go:28","msg":"回答用户(router): 梦猫, 输入消耗token:555(缓存命中:512), 输出消耗token:1, 共计消耗token:556"}
{"level":"INFO","time":"2026-02-11T13:35:44.011+0800","caller":"graph/node.go:54","msg":"回答用户(easyChat): 梦猫, 输入消耗token:2355(缓存命中:0), 输出消耗token:57, 共计消耗token:2412"}
{"level":"INFO","time":"2026-02-11T13:35:58.542+0800","caller":"graph/node.go:28","msg":"回答用户(router): 梦猫, 输入消耗token:552(缓存命中:0), 输出消耗token:2, 共计消耗token:554"}
{"level":"INFO","time":"2026-02-11T13:36:00.187+0800","caller":"graph/node.go:113","msg":"回答用户(complexChat): 梦猫, 输入消耗token:2425(缓存命中:0), 输出消耗token:56, 共计消耗token:2481"}
{"level":"INFO","time":"2026-02-11T13:39:28.354+0800","caller":"graph/node.go:28","msg":"回答用户(router): 梦猫, 输入消耗token:550(缓存命中:0), 输出消耗token:1, 共计消耗token:551"}
{"level":"INFO","time":"2026-02-11T13:39:29.348+0800","caller":"graph/node.go:54","msg":"回答用户(easyChat): 梦猫, 输入消耗token:2162(缓存命中:0), 输出消耗token:25, 共计消耗token:2187"}
{"level":"INFO","time":"2026-02-11T13:39:40.808+0800","caller":"graph/node.go:28","msg":"回答用户(router): 梦猫, 输入消耗token:552(缓存命中:0), 输出消耗token:2, 共计消耗token:554"}
{"level":"INFO","time":"2026-02-11T13:39:42.788+0800","caller":"graph/node.go:113","msg":"回答用户(complexChat): 梦猫, 输入消耗token:2208(缓存命中:0), 输出消耗token:62, 共计消耗token:2270"}
{"level":"INFO","time":"2026-02-11T13:41:44.217+0800","caller":"graph/node.go:28","msg":"回答用户(router): 梦猫, 输入消耗token:551(缓存命中:0), 输出消耗token:1, 共计消耗token:552"}
{"level":"INFO","time":"2026-02-11T13:41:46.158+0800","caller":"graph/node.go:54","msg":"回答用户(easyChat): 梦猫, 输入消耗token:2284(缓存命中:0), 输出消耗token:61, 共计消耗token:2345"}
{"level":"INFO","time":"2026-02-11T13:42:12.505+0800","caller":"graph/node.go:28","msg":"回答用户(router): 梦猫, 输入消耗token:550(缓存命中:512), 输出消耗token:1, 共计消耗token:551"}
{"level":"INFO","time":"2026-02-11T13:42:14.145+0800","caller":"graph/node.go:54","msg":"回答用户(easyChat): 梦猫, 输入消耗token:2354(缓存命中:0), 输出消耗token:56, 共计消耗token:2410"}
{"level":"INFO","time":"2026-02-11T13:42:28.389+0800","caller":"graph/node.go:28","msg":"回答用户(router): 梦猫, 输入消耗token:551(缓存命中:0), 输出消耗token:1, 共计消耗token:552"}
{"level":"INFO","time":"2026-02-11T13:42:30.109+0800","caller":"graph/node.go:54","msg":"回答用户(easyChat): 梦猫, 输入消耗token:2423(缓存命中:0), 输出消耗token:53, 共计消耗token:2476"}
{"level":"INFO","time":"2026-02-11T13:43:30.848+0800","caller":"graph/node.go:28","msg":"回答用户(router): 梦猫, 输入消耗token:551(缓存命中:0), 输出消耗token:1, 共计消耗token:552"}
{"level":"INFO","time":"2026-02-11T13:43:32.073+0800","caller":"graph/node.go:54","msg":"回答用户(easyChat): 梦猫, 输入消耗token:2163(缓存命中:0), 输出消耗token:45, 共计消耗token:2208"}
{"level":"INFO","time":"2026-02-11T13:43:40.742+0800","caller":"graph/node.go:28","msg":"回答用户(router): 梦猫, 输入消耗token:551(缓存命中:512), 输出消耗token:1, 共计消耗token:552"}
{"level":"INFO","time":"2026-02-11T13:43:41.763+0800","caller":"graph/node.go:54","msg":"回答用户(easyChat): 梦猫, 输入消耗token:2251(缓存命中:1920), 输出消耗token:24, 共计消耗token:2275"}
{"level":"INFO","time":"2026-02-11T13:44:01.322+0800","caller":"graph/node.go:28","msg":"回答用户(router): 梦猫, 输入消耗token:552(缓存命中:0), 输出消耗token:1, 共计消耗token:553"}
{"level":"INFO","time":"2026-02-11T13:44:03.304+0800","caller":"graph/node.go:54","msg":"回答用户(easyChat): 梦猫, 输入消耗token:2309(缓存命中:0), 输出消耗token:57, 共计消耗token:2366"}
{"level":"INFO","time":"2026-02-11T13:44:31.672+0800","caller":"graph/node.go:28","msg":"回答用户(router): 梦猫, 输入消耗token:550(缓存命中:0), 输出消耗token:1, 共计消耗token:551"}
{"level":"INFO","time":"2026-02-11T13:44:33.101+0800","caller":"graph/node.go:54","msg":"回答用户(easyChat): 梦猫, 输入消耗token:2401(缓存命中:0), 输出消耗token:63, 共计消耗token:2464"}
{"level":"INFO","time":"2026-02-11T13:46:03.252+0800","caller":"graph/node.go:28","msg":"回答用户(router): 梦猫, 输入消耗token:550(缓存命中:0), 输出消耗token:1, 共计消耗token:551"}
{"level":"INFO","time":"2026-02-11T13:46:04.147+0800","caller":"graph/node.go:54","msg":"回答用户(easyChat): 梦猫, 输入消耗token:2172(缓存命中:0), 输出消耗token:29, 共计消耗token:2201"}
{"level":"INFO","time":"2026-02-11T13:46:17.764+0800","caller":"graph/node.go:28","msg":"回答用户(router): 梦猫, 输入消耗token:556(缓存命中:0), 输出消耗token:1, 共计消耗token:557"}
{"level":"INFO","time":"2026-02-11T13:46:19.380+0800","caller":"graph/node.go:54","msg":"回答用户(easyChat): 梦猫, 输入消耗token:2249(缓存命中:0), 输出消耗token:45, 共计消耗token:2294"}
{"level":"INFO","time":"2026-02-11T13:46:29.479+0800","caller":"graph/node.go:28","msg":"回答用户(router): 梦猫, 输入消耗token:551(缓存命中:0), 输出消耗token:1, 共计消耗token:552"}
{"level":"INFO","time":"2026-02-11T13:46:31.484+0800","caller":"graph/node.go:54","msg":"回答用户(easyChat): 梦猫, 输入消耗token:2328(缓存命中:1408), 输出消耗token:52, 共计消耗token:2380"}
{"level":"INFO","time":"2026-02-11T13:46:41.355+0800","caller":"graph/node.go:28","msg":"回答用户(router): 梦猫, 输入消耗token:551(缓存命中:0), 输出消耗token:1, 共计消耗token:552"}
{"level":"INFO","time":"2026-02-11T13:46:43.213+0800","caller":"graph/node.go:54","msg":"回答用户(easyChat): 梦猫, 输入消耗token:2415(缓存命中:0), 输出消耗token:65, 共计消耗token:2480"}
{"level":"INFO","time":"2026-02-11T13:46:54.680+0800","caller":"graph/node.go:28","msg":"回答用户(router): 梦猫, 输入消耗token:552(缓存命中:512), 输出消耗token:1, 共计消耗token:553"}
{"level":"INFO","time":"2026-02-11T13:46:57.257+0800","caller":"graph/node.go:54","msg":"回答用户(easyChat): 梦猫, 输入消耗token:2516(缓存命中:2048), 输出消耗token:75, 共计消耗token:2591"}
{"level":"INFO","time":"2026-02-11T13:47:17.235+0800","caller":"graph/node.go:28","msg":"回答用户(router): 梦猫, 输入消耗token:559(缓存命中:0), 输出消耗token:2, 共计消耗token:561"}
{"level":"INFO","time":"2026-02-11T13:47:20.355+0800","caller":"graph/node.go:113","msg":"回答用户(complexChat): 梦猫, 输入消耗token:2635(缓存命中:0), 输出消耗token:122, 共计消耗token:2757"}
{"level":"INFO","time":"2026-02-11T13:47:45.997+0800","caller":"graph/node.go:28","msg":"回答用户(router): 梦猫, 输入消耗token:556(缓存命中:0), 输出消耗token:1, 共计消耗token:557"}
{"level":"INFO","time":"2026-02-11T13:47:48.965+0800","caller":"graph/node.go:54","msg":"回答用户(easyChat): 梦猫, 输入消耗token:2799(缓存命中:0), 输出消耗token:113, 共计消耗token:2912"}
{"level":"INFO","time":"2026-02-11T13:48:05.677+0800","caller":"graph/node.go:28","msg":"回答用户(router): 梦猫, 输入消耗token:552(缓存命中:0), 输出消耗token:2, 共计消耗token:554"}
{"level":"INFO","time":"2026-02-11T13:48:08.357+0800","caller":"graph/node.go:113","msg":"回答用户(complexChat): 梦猫, 输入消耗token:2947(缓存命中:0), 输出消耗token:77, 共计消耗token:3024"}
{"level":"INFO","time":"2026-02-11T13:48:23.916+0800","caller":"graph/node.go:28","msg":"回答用户(router): 梦猫, 输入消耗token:553(缓存命中:0), 输出消耗token:1, 共计消耗token:554"}
{"level":"INFO","time":"2026-02-11T13:48:26.247+0800","caller":"graph/node.go:54","msg":"回答用户(easyChat): 梦猫, 输入消耗token:3063(缓存命中:0), 输出消耗token:86, 共计消耗token:3149"}
{"level":"INFO","time":"2026-02-11T13:48:50.755+0800","caller":"graph/node.go:28","msg":"回答用户(router): 梦猫, 输入消耗token:551(缓存命中:0), 输出消耗token:1, 共计消耗token:552"}
{"level":"INFO","time":"2026-02-11T13:48:52.395+0800","caller":"graph/node.go:54","msg":"回答用户(easyChat): 梦猫, 输入消耗token:3185(缓存命中:0), 输出消耗token:61, 共计消耗token:3246"}
{"level":"INFO","time":"2026-02-11T13:48:55.456+0800","caller":"graph/node.go:28","msg":"回答用户(router): 梦猫, 输入消耗token:551(缓存命中:0), 输出消耗token:1, 共计消耗token:552"}
{"level":"INFO","time":"2026-02-11T13:48:56.995+0800","caller":"graph/node.go:54","msg":"回答用户(easyChat): 梦猫, 输入消耗token:3281(缓存命中:2048), 输出消耗token:61, 共计消耗token:3342"}
{"level":"INFO","time":"2026-02-11T13:49:06.495+0800","caller":"graph/node.go:28","msg":"回答用户(router): 梦猫, 输入消耗token:551(缓存命中:0), 输出消耗token:1, 共计消耗token:552"}
{"level":"INFO","time":"2026-02-11T13:49:07.936+0800","caller":"graph/node.go:54","msg":"回答用户(easyChat): 梦猫, 输入消耗token:3375(缓存命中:0), 输出消耗token:61, 共计消耗token:3436"}
{"level":"INFO","time":"2026-02-11T13:49:37.144+0800","caller":"graph/node.go:28","msg":"回答用户(router): 梦猫, 输入消耗token:553(缓存命中:512), 输出消耗token:1, 共计消耗token:554"}
{"level":"INFO","time":"2026-02-11T13:49:39.494+0800","caller":"graph/node.go:54","msg":"回答用户(easyChat): 梦猫, 输入消耗token:3473(缓存命中:0), 输出消耗token:77, 共计消耗token:3550"}
{"level":"INFO","time":"2026-02-11T13:49:49.324+0800","caller":"graph/node.go:28","msg":"回答用户(router): 梦猫, 输入消耗token:551(缓存命中:0), 输出消耗token:1, 共计消耗token:552"}
{"level":"INFO","time":"2026-02-11T13:49:51.524+0800","caller":"graph/node.go:54","msg":"回答用户(easyChat): 梦猫, 输入消耗token:3586(缓存命中:0), 输出消耗token:91, 共计消耗token:3677"}
{"level":"INFO","time":"2026-02-11T13:50:05.614+0800","caller":"graph/node.go:28","msg":"回答用户(router): 梦猫, 输入消耗token:550(缓存命中:0), 输出消耗token:1, 共计消耗token:551"}
{"level":"INFO","time":"2026-02-11T13:50:08.274+0800","caller":"graph/node.go:54","msg":"回答用户(easyChat): 梦猫, 输入消耗token:3713(缓存命中:0), 输出消耗token:97, 共计消耗token:3810"}
{"level":"INFO","time":"2026-02-11T13:50:24.943+0800","caller":"graph/node.go:28","msg":"回答用户(router): 梦猫, 输入消耗token:763(缓存命中:0), 输出消耗token:1, 共计消耗token:764"}
{"level":"INFO","time":"2026-02-11T13:50:27.133+0800","caller":"graph/node.go:54","msg":"回答用户(easyChat): 梦猫, 输入消耗token:4057(缓存命中:2048), 输出消耗token:95, 共计消耗token:4152"}
{"level":"INFO","time":"2026-02-11T13:51:10.661+0800","caller":"graph/node.go:28","msg":"回答用户(router): 梦猫, 输入消耗token:551(缓存命中:0), 输出消耗token:1, 共计消耗token:552"}
{"level":"INFO","time":"2026-02-11T13:51:11.791+0800","caller":"graph/node.go:54","msg":"回答用户(easyChat): 梦猫, 输入消耗token:2172(缓存命中:0), 输出消耗token:33, 共计消耗token:2205"}
{"level":"INFO","time":"2026-02-11T13:51:20.284+0800","caller":"graph/node.go:28","msg":"回答用户(router): 梦猫, 输入消耗token:551(缓存命中:0), 输出消耗token:1, 共计消耗token:552"}
{"level":"INFO","time":"2026-02-11T13:51:22.125+0800","caller":"graph/node.go:54","msg":"回答用户(easyChat): 梦猫, 输入消耗token:2248(缓存命中:0), 输出消耗token:52, 共计消耗token:2300"}
{"level":"INFO","time":"2026-02-11T13:51:40.073+0800","caller":"graph/node.go:28","msg":"回答用户(router): 梦猫, 输入消耗token:556(缓存命中:512), 输出消耗token:2, 共计消耗token:558"}
{"level":"INFO","time":"2026-02-11T13:51:42.278+0800","caller":"graph/node.go:113","msg":"回答用户(complexChat): 梦猫, 输入消耗token:2341(缓存命中:0), 输出消耗token:75, 共计消耗token:2416"}
{"level":"INFO","time":"2026-02-11T13:52:04.421+0800","caller":"graph/node.go:28","msg":"回答用户(router): 梦猫, 输入消耗token:550(缓存命中:0), 输出消耗token:1, 共计消耗token:551"}
{"level":"INFO","time":"2026-02-11T13:52:05.070+0800","caller":"graph/node.go:54","msg":"回答用户(easyChat): 梦猫, 输入消耗token:2171(缓存命中:0), 输出消耗token:12, 共计消耗token:2183"}
{"level":"INFO","time":"2026-02-11T13:52:13.411+0800","caller":"graph/node.go:28","msg":"回答用户(router): 梦猫, 输入消耗token:552(缓存命中:512), 输出消耗token:1, 共计消耗token:553"}
{"level":"INFO","time":"2026-02-11T13:52:14.641+0800","caller":"graph/node.go:54","msg":"回答用户(easyChat): 梦猫, 输入消耗token:2227(缓存命中:1408), 输出消耗token:35, 共计消耗token:2262"}
{"level":"INFO","time":"2026-02-11T13:52:20.920+0800","caller":"graph/node.go:28","msg":"回答用户(router): 梦猫, 输入消耗token:551(缓存命中:0), 输出消耗token:1, 共计消耗token:552"}
{"level":"INFO","time":"2026-02-11T13:52:22.411+0800","caller":"graph/node.go:54","msg":"回答用户(easyChat): 梦猫, 输入消耗token:2297(缓存命中:0), 输出消耗token:38, 共计消耗token:2335"}
{"level":"INFO","time":"2026-02-11T13:52:30.411+0800","caller":"graph/node.go:28","msg":"回答用户(router): 梦猫, 输入消耗token:550(缓存命中:0), 输出消耗token:1, 共计消耗token:551"}
{"level":"INFO","time":"2026-02-11T13:52:31.640+0800","caller":"graph/node.go:54","msg":"回答用户(easyChat): 梦猫, 输入消耗token:2369(缓存命中:0), 输出消耗token:28, 共计消耗token:2397"}
{"level":"INFO","time":"2026-02-11T13:52:46.410+0800","caller":"graph/node.go:28","msg":"回答用户(router): 梦猫, 输入消耗token:555(缓存命中:0), 输出消耗token:2, 共计消耗token:557"}
{"level":"INFO","time":"2026-02-11T13:52:47.820+0800","caller":"graph/node.go:113","msg":"回答用户(complexChat): 梦猫, 输入消耗token:2436(缓存命中:0), 输出消耗token:41, 共计消耗token:2477"}
{"level":"INFO","time":"2026-02-11T13:52:55.060+0800","caller":"graph/node.go:28","msg":"回答用户(router): 梦猫, 输入消耗token:551(缓存命中:512), 输出消耗token:1, 共计消耗token:552"}
{"level":"INFO","time":"2026-02-11T13:52:56.420+0800","caller":"graph/node.go:54","msg":"回答用户(easyChat): 梦猫, 输入消耗token:2514(缓存命中:1408), 输出消耗token:48, 共计消耗token:2562"}
{"level":"INFO","time":"2026-02-11T13:53:12.910+0800","caller":"graph/node.go:28","msg":"回答用户(router): 梦猫, 输入消耗token:556(缓存命中:0), 输出消耗token:2, 共计消耗token:558"}
{"level":"INFO","time":"2026-02-11T13:53:14.450+0800","caller":"graph/node.go:113","msg":"回答用户(complexChat): 梦猫, 输入消耗token:2602(缓存命中:0), 输出消耗token:57, 共计消耗token:2659"}
{"level":"INFO","time":"2026-02-11T13:53:32.771+0800","caller":"graph/node.go:28","msg":"回答用户(router): 梦猫, 输入消耗token:552(缓存命中:0), 输出消耗token:1, 共计消耗token:553"}
{"level":"INFO","time":"2026-02-11T13:53:34.410+0800","caller":"graph/node.go:54","msg":"回答用户(easyChat): 梦猫, 输入消耗token:2696(缓存命中:1408), 输出消耗token:52, 共计消耗token:2748"}
{"level":"INFO","time":"2026-02-11T13:53:51.469+0800","caller":"graph/node.go:28","msg":"回答用户(router): 梦猫, 输入消耗token:557(缓存命中:0), 输出消耗token:1, 共计消耗token:558"}
{"level":"INFO","time":"2026-02-11T13:53:52.939+0800","caller":"graph/node.go:54","msg":"回答用户(easyChat): 梦猫, 输入消耗token:2790(缓存命中:0), 输出消耗token:52, 共计消耗token:2842"}
{"level":"INFO","time":"2026-02-11T13:54:04.720+0800","caller":"graph/node.go:28","msg":"回答用户(router): 梦猫, 输入消耗token:552(缓存命中:0), 输出消耗token:1, 共计消耗token:553"}
{"level":"INFO","time":"2026-02-11T13:54:07.158+0800","caller":"graph/node.go:54","msg":"回答用户(easyChat): 梦猫, 输入消耗token:2879(缓存命中:0), 输出消耗token:73, 共计消耗token:2952"}
{"level":"INFO","time":"2026-02-11T13:54:17.163+0800","caller":"graph/node.go:28","msg":"回答用户(router): 梦猫, 输入消耗token:552(缓存命中:0), 输出消耗token:1, 共计消耗token:553"}
{"level":"INFO","time":"2026-02-11T13:54:18.664+0800","caller":"graph/node.go:54","msg":"回答用户(easyChat): 梦猫, 输入消耗token:2988(缓存命中:0), 输出消耗token:55, 共计消耗token:3043"}
{"level":"INFO","time":"2026-02-11T13:54:32.013+0800","caller":"graph/node.go:28","msg":"回答用户(router): 梦猫, 输入消耗token:554(缓存命中:0), 输出消耗token:1, 共计消耗token:555"}
{"level":"INFO","time":"2026-02-11T13:54:33.586+0800","caller":"graph/node.go:54","msg":"回答用户(easyChat): 梦猫, 输入消耗token:3082(缓存命中:0), 输出消耗token:55, 共计消耗token:3137"}
{"level":"INFO","time":"2026-02-11T13:54:43.886+0800","caller":"graph/node.go:28","msg":"回答用户(router): 梦猫, 输入消耗token:552(缓存命中:0), 输出消耗token:1, 共计消耗token:553"}
{"level":"INFO","time":"2026-02-11T13:54:45.243+0800","caller":"graph/node.go:54","msg":"回答用户(easyChat): 梦猫, 输入消耗token:3173(缓存命中:0), 输出消耗token:49, 共计消耗token:3222"}
{"level":"INFO","time":"2026-02-11T14:03:34.665+0800","caller":"graph/node.go:28","msg":"回答用户(router): 梦猫, 输入消耗token:550(缓存命中:0), 输出消耗token:1, 共计消耗token:551"}
{"level":"INFO","time":"2026-02-11T14:03:36.026+0800","caller":"graph/node.go:54","msg":"回答用户(easyChat): 梦猫, 输入消耗token:2402(缓存命中:0), 输出消耗token:30, 共计消耗token:2432"}
{"level":"INFO","time":"2026-02-11T14:03:43.902+0800","caller":"graph/node.go:28","msg":"回答用户(router): 梦猫, 输入消耗token:551(缓存命中:0), 输出消耗token:1, 共计消耗token:552"}
{"level":"INFO","time":"2026-02-11T14:03:45.389+0800","caller":"graph/node.go:54","msg":"回答用户(easyChat): 梦猫, 输入消耗token:2474(缓存命中:0), 输出消耗token:30, 共计消耗token:2504"}
{"level":"INFO","time":"2026-02-11T14:04:29.120+0800","caller":"graph/node.go:28","msg":"回答用户(router): 梦猫, 输入消耗token:551(缓存命中:0), 输出消耗token:1, 共计消耗token:552"}
{"level":"INFO","time":"2026-02-11T14:04:30.059+0800","caller":"graph/node.go:54","msg":"回答用户(easyChat): 梦猫, 输入消耗token:2395(缓存命中:0), 输出消耗token:19, 共计消耗token:2414"}
{"level":"INFO","time":"2026-02-11T14:04:42.476+0800","caller":"graph/node.go:28","msg":"回答用户(router): 梦猫, 输入消耗token:551(缓存命中:0), 输出消耗token:1, 共计消耗token:552"}
{"level":"INFO","time":"2026-02-11T14:04:43.450+0800","caller":"graph/node.go:54","msg":"回答用户(easyChat): 梦猫, 输入消耗token:2457(缓存命中:0), 输出消耗token:26, 共计消耗token:2483"}
{"level":"INFO","time":"2026-02-11T14:04:51.741+0800","caller":"graph/node.go:28","msg":"回答用户(router): 梦猫, 输入消耗token:552(缓存命中:0), 输出消耗token:1, 共计消耗token:553"}
{"level":"INFO","time":"2026-02-11T14:04:53.229+0800","caller":"graph/node.go:54","msg":"回答用户(easyChat): 梦猫, 输入消耗token:2517(缓存命中:0), 输出消耗token:35, 共计消耗token:2552"}
{"level":"INFO","time":"2026-02-11T14:05:09.006+0800","caller":"graph/node.go:28","msg":"回答用户(router): 梦猫, 输入消耗token:558(缓存命中:0), 输出消耗token:1, 共计消耗token:559"}
{"level":"INFO","time":"2026-02-11T14:05:10.211+0800","caller":"graph/node.go:54","msg":"回答用户(easyChat): 梦猫, 输入消耗token:2594(缓存命中:0), 输出消耗token:28, 共计消耗token:2622"}
{"level":"INFO","time":"2026-02-11T14:05:25.924+0800","caller":"graph/node.go:28","msg":"回答用户(router): 梦猫, 输入消耗token:553(缓存命中:0), 输出消耗token:2, 共计消耗token:555"}
{"level":"INFO","time":"2026-02-11T14:05:27.401+0800","caller":"graph/node.go:113","msg":"回答用户(complexChat): 梦猫, 输入消耗token:2659(缓存命中:0), 输出消耗token:33, 共计消耗token:2692"}
{"level":"INFO","time":"2026-02-11T14:06:18.605+0800","caller":"graph/node.go:28","msg":"回答用户(router): 梦猫, 输入消耗token:551(缓存命中:0), 输出消耗token:1, 共计消耗token:552"}
{"level":"INFO","time":"2026-02-11T14:06:20.119+0800","caller":"graph/node.go:54","msg":"回答用户(easyChat): 梦猫, 输入消耗token:2728(缓存命中:0), 输出消耗token:43, 共计消耗token:2771"}
{"level":"INFO","time":"2026-02-11T14:06:33.905+0800","caller":"graph/node.go:28","msg":"回答用户(router): 梦猫, 输入消耗token:554(缓存命中:0), 输出消耗token:1, 共计消耗token:555"}
{"level":"INFO","time":"2026-02-11T14:06:35.053+0800","caller":"graph/node.go:54","msg":"回答用户(easyChat): 梦猫, 输入消耗token:2811(缓存命中:2176), 输出消耗token:31, 共计消耗token:2842"}
{"level":"INFO","time":"2026-02-11T14:06:54.381+0800","caller":"graph/node.go:28","msg":"回答用户(router): 梦猫, 输入消耗token:553(缓存命中:0), 输出消耗token:1, 共计消耗token:554"}
{"level":"INFO","time":"2026-02-11T14:06:55.960+0800","caller":"graph/node.go:54","msg":"回答用户(easyChat): 梦猫, 输入消耗token:2879(缓存命中:0), 输出消耗token:48, 共计消耗token:2927"}
{"level":"INFO","time":"2026-02-11T14:07:07.877+0800","caller":"graph/node.go:28","msg":"回答用户(router): 梦猫, 输入消耗token:553(缓存命中:0), 输出消耗token:1, 共计消耗token:554"}
{"level":"INFO","time":"2026-02-11T14:07:09.461+0800","caller":"graph/node.go:54","msg":"回答用户(easyChat): 梦猫, 输入消耗token:2964(缓存命中:0), 输出消耗token:43, 共计消耗token:3007"}
{"level":"INFO","time":"2026-02-11T14:07:21.660+0800","caller":"graph/node.go:28","msg":"回答用户(router): 梦猫, 输入消耗token:550(缓存命中:512), 输出消耗token:1, 共计消耗token:551"}
{"level":"INFO","time":"2026-02-11T14:07:23.525+0800","caller":"graph/node.go:54","msg":"回答用户(easyChat): 梦猫, 输入消耗token:3041(缓存命中:0), 输出消耗token:40, 共计消耗token:3081"}
{"level":"INFO","time":"2026-02-11T14:07:40.147+0800","caller":"graph/node.go:28","msg":"回答用户(router): 梦猫, 输入消耗token:557(缓存命中:0), 输出消耗token:1, 共计消耗token:558"}
{"level":"INFO","time":"2026-02-11T14:07:41.929+0800","caller":"graph/node.go:54","msg":"回答用户(easyChat): 梦猫, 输入消耗token:3122(缓存命中:0), 输出消耗token:44, 共计消耗token:3166"}
{"level":"INFO","time":"2026-02-11T14:13:31.174+0800","caller":"graph/node.go:28","msg":"回答用户(router): 梦猫, 输入消耗token:553(缓存命中:0), 输出消耗token:1, 共计消耗token:554"}
{"level":"INFO","time":"2026-02-11T14:13:32.837+0800","caller":"graph/node.go:54","msg":"回答用户(easyChat): 梦猫, 输入消耗token:3203(缓存命中:0), 输出消耗token:46, 共计消耗token:3249"}
{"level":"INFO","time":"2026-02-11T14:13:48.439+0800","caller":"graph/node.go:28","msg":"回答用户(router): 梦猫, 输入消耗token:553(缓存命中:512), 输出消耗token:1, 共计消耗token:554"}
{"level":"INFO","time":"2026-02-11T14:13:50.876+0800","caller":"graph/node.go:54","msg":"回答用户(easyChat): 梦猫, 输入消耗token:3286(缓存命中:0), 输出消耗token:53, 共计消耗token:3339"}
{"level":"INFO","time":"2026-02-11T14:13:56.682+0800","caller":"graph/node.go:28","msg":"回答用户(router): 梦猫, 输入消耗token:550(缓存命中:0), 输出消耗token:1, 共计消耗token:551"}
{"level":"INFO","time":"2026-02-11T14:13:58.219+0800","caller":"graph/node.go:54","msg":"回答用户(easyChat): 梦猫, 输入消耗token:3374(缓存命中:0), 输出消耗token:37, 共计消耗token:3411"}
{"level":"INFO","time":"2026-02-11T14:14:12.970+0800","caller":"graph/node.go:28","msg":"回答用户(router): 梦猫, 输入消耗token:552(缓存命中:0), 输出消耗token:1, 共计消耗token:553"}
{"level":"INFO","time":"2026-02-11T14:14:15.108+0800","caller":"graph/node.go:54","msg":"回答用户(easyChat): 梦猫, 输入消耗token:3448(缓存命中:2176), 输出消耗token:58, 共计消耗token:3506"}
{"level":"INFO","time":"2026-02-11T14:20:58.154+0800","caller":"graph/node.go:28","msg":"回答用户(router): 梦猫, 输入消耗token:551(缓存命中:0), 输出消耗token:1, 共计消耗token:552"}
{"level":"INFO","time":"2026-02-11T14:20:59.811+0800","caller":"graph/node.go:54","msg":"回答用户(easyChat): 梦猫, 输入消耗token:3541(缓存命中:0), 输出消耗token:41, 共计消耗token:3582"}
{"level":"INFO","time":"2026-02-11T14:21:13.226+0800","caller":"graph/node.go:28","msg":"回答用户(router): 梦猫, 输入消耗token:554(缓存命中:0), 输出消耗token:1, 共计消耗token:555"}
{"level":"INFO","time":"2026-02-11T14:21:15.020+0800","caller":"graph/node.go:54","msg":"回答用户(easyChat): 梦猫, 输入消耗token:3620(缓存命中:0), 输出消耗token:56, 共计消耗token:3676"}
{"level":"INFO","time":"2026-02-11T14:21:41.413+0800","caller":"graph/node.go:28","msg":"回答用户(router): 梦猫, 输入消耗token:557(缓存命中:0), 输出消耗token:1, 共计消耗token:558"}
{"level":"INFO","time":"2026-02-11T14:21:42.844+0800","caller":"graph/node.go:54","msg":"回答用户(easyChat): 梦猫, 输入消耗token:3718(缓存命中:2176), 输出消耗token:42, 共计消耗token:3760"}
{"level":"INFO","time":"2026-02-11T14:21:53.805+0800","caller":"graph/node.go:28","msg":"回答用户(router): 梦猫, 输入消耗token:551(缓存命中:0), 输出消耗token:1, 共计消耗token:552"}
{"level":"INFO","time":"2026-02-11T14:21:55.755+0800","caller":"graph/node.go:54","msg":"回答用户(easyChat): 梦猫, 输入消耗token:3795(缓存命中:0), 输出消耗token:52, 共计消耗token:3847"}
{"level":"INFO","time":"2026-02-11T14:22:09.671+0800","caller":"graph/node.go:28","msg":"回答用户(router): 梦猫, 输入消耗token:553(缓存命中:0), 输出消耗token:1, 共计消耗token:554"}
{"level":"INFO","time":"2026-02-11T14:22:11.470+0800","caller":"graph/node.go:54","msg":"回答用户(easyChat): 梦猫, 输入消耗token:3886(缓存命中:0), 输出消耗token:41, 共计消耗token:3927"}
{"level":"INFO","time":"2026-02-11T14:22:23.825+0800","caller":"graph/node.go:28","msg":"回答用户(router): 梦猫, 输入消耗token:552(缓存命中:0), 输出消耗token:1, 共计消耗token:553"}
{"level":"INFO","time":"2026-02-11T14:22:26.233+0800","caller":"graph/node.go:54","msg":"回答用户(easyChat): 梦猫, 输入消耗token:3963(缓存命中:0), 输出消耗token:64, 共计消耗token:4027"}
{"level":"INFO","time":"2026-02-11T14:22:35.267+0800","caller":"graph/node.go:28","msg":"回答用户(router): 梦猫, 输入消耗token:551(缓存命中:0), 输出消耗token:1, 共计消耗token:552"}
{"level":"INFO","time":"2026-02-11T14:22:36.809+0800","caller":"graph/node.go:54","msg":"回答用户(easyChat): 梦猫, 输入消耗token:4063(缓存命中:0), 输出消耗token:36, 共计消耗token:4099"}
{"level":"INFO","time":"2026-02-11T14:22:55.143+0800","caller":"graph/node.go:28","msg":"回答用户(router): 梦猫, 输入消耗token:558(缓存命中:0), 输出消耗token:1, 共计消耗token:559"}
{"level":"INFO","time":"2026-02-11T14:22:58.474+0800","caller":"graph/node.go:54","msg":"回答用户(easyChat): 梦猫, 输入消耗token:4143(缓存命中:2176), 输出消耗token:77, 共计消耗token:4220"}
{"level":"INFO","time":"2026-02-11T14:23:10.812+0800","caller":"graph/node.go:28","msg":"回答用户(router): 梦猫, 输入消耗token:551(缓存命中:0), 输出消耗token:1, 共计消耗token:552"}
{"level":"INFO","time":"2026-02-11T14:23:12.342+0800","caller":"graph/node.go:54","msg":"回答用户(easyChat): 梦猫, 输入消耗token:4255(缓存命中:2176), 输出消耗token:39, 共计消耗token:4294"}
{"level":"INFO","time":"2026-02-11T14:23:24.841+0800","caller":"graph/node.go:28","msg":"回答用户(router): 梦猫, 输入消耗token:550(缓存命中:0), 输出消耗token:1, 共计消耗token:551"}
{"level":"INFO","time":"2026-02-11T14:23:26.681+0800","caller":"graph/node.go:54","msg":"回答用户(easyChat): 梦猫, 输入消耗token:4330(缓存命中:0), 输出消耗token:37, 共计消耗token:4367"}
{"level":"INFO","time":"2026-02-11T14:23:43.990+0800","caller":"graph/node.go:28","msg":"回答用户(router): 梦猫, 输入消耗token:557(缓存命中:512), 输出消耗token:1, 共计消耗token:558"}
{"level":"INFO","time":"2026-02-11T14:23:45.840+0800","caller":"graph/node.go:54","msg":"回答用户(easyChat): 梦猫, 输入消耗token:4409(缓存命中:2176), 输出消耗token:51, 共计消耗token:4460"}
{"level":"INFO","time":"2026-02-11T14:23:52.900+0800","caller":"graph/node.go:28","msg":"回答用户(router): 梦猫, 输入消耗token:551(缓存命中:0), 输出消耗token:1, 共计消耗token:552"}
{"level":"INFO","time":"2026-02-11T14:23:54.590+0800","caller":"graph/node.go:54","msg":"回答用户(easyChat): 梦猫, 输入消耗token:4441(缓存命中:0), 输出消耗token:36, 共计消耗token:4477"}
{"level":"INFO","time":"2026-02-11T14:24:03.340+0800","caller":"graph/node.go:28","msg":"回答用户(router): 梦猫, 输入消耗token:551(缓存命中:0), 输出消耗token:1, 共计消耗token:552"}
{"level":"INFO","time":"2026-02-11T14:24:05.499+0800","caller":"graph/node.go:54","msg":"回答用户(easyChat): 梦猫, 输入消耗token:4454(缓存命中:0), 输出消耗token:48, 共计消耗token:4502"}
{"level":"INFO","time":"2026-02-11T14:24:15.529+0800","caller":"graph/node.go:28","msg":"回答用户(router): 梦猫, 输入消耗token:550(缓存命中:0), 输出消耗token:1, 共计消耗token:551"}
{"level":"INFO","time":"2026-02-11T14:24:17.528+0800","caller":"graph/node.go:54","msg":"回答用户(easyChat): 梦猫, 输入消耗token:4465(缓存命中:0), 输出消耗token:48, 共计消耗token:4513"}
{"level":"INFO","time":"2026-02-11T14:24:44.208+0800","caller":"graph/node.go:28","msg":"回答用户(router): teat1, 输入消耗token:551(缓存命中:0), 输出消耗token:1, 共计消耗token:552"}
{"level":"INFO","time":"2026-02-11T14:24:45.328+0800","caller":"graph/node.go:54","msg":"回答用户(easyChat): teat1, 输入消耗token:2409(缓存命中:0), 输出消耗token:28, 共计消耗token:2437"}
{"level":"INFO","time":"2026-02-11T14:25:00.588+0800","caller":"graph/node.go:28","msg":"回答用户(router): teat1, 输入消耗token:552(缓存命中:512), 输出消耗token:1, 共计消耗token:553"}
{"level":"INFO","time":"2026-02-11T14:25:01.918+0800","caller":"graph/node.go:54","msg":"回答用户(easyChat): teat1, 输入消耗token:2480(缓存命中:2176), 输出消耗token:36, 共计消耗token:2516"}
{"level":"INFO","time":"2026-02-11T14:25:32.386+0800","caller":"graph/node.go:28","msg":"回答用户(router): teat1, 输入消耗token:565(缓存命中:0), 输出消耗token:1, 共计消耗token:566"}
{"level":"INFO","time":"2026-02-11T14:25:34.162+0800","caller":"graph/node.go:54","msg":"回答用户(easyChat): teat1, 输入消耗token:2565(缓存命中:0), 输出消耗token:37, 共计消耗token:2602"}
{"level":"INFO","time":"2026-02-11T14:25:54.202+0800","caller":"graph/node.go:28","msg":"回答用户(router): teat1, 输入消耗token:558(缓存命中:512), 输出消耗token:1, 共计消耗token:559"}
{"level":"INFO","time":"2026-02-11T14:25:55.937+0800","caller":"graph/node.go:54","msg":"回答用户(easyChat): teat1, 输入消耗token:2645(缓存命中:2176), 输出消耗token:47, 共计消耗token:2692"}
{"level":"INFO","time":"2026-02-11T14:26:18.595+0800","caller":"graph/node.go:28","msg":"回答用户(router): teat1, 输入消耗token:555(缓存命中:0), 输出消耗token:1, 共计消耗token:556"}
{"level":"INFO","time":"2026-02-11T14:26:20.275+0800","caller":"graph/node.go:54","msg":"回答用户(easyChat): teat1, 输入消耗token:2734(缓存命中:2176), 输出消耗token:47, 共计消耗token:2781"}
{"level":"INFO","time":"2026-02-11T14:26:27.807+0800","caller":"graph/node.go:28","msg":"回答用户(router): teat1, 输入消耗token:550(缓存命中:0), 输出消耗token:1, 共计消耗token:551"}
{"level":"INFO","time":"2026-02-11T14:26:28.941+0800","caller":"graph/node.go:54","msg":"回答用户(easyChat): teat1, 输入消耗token:2817(缓存命中:0), 输出消耗token:29, 共计消耗token:2846"}
{"level":"INFO","time":"2026-02-11T14:26:35.000+0800","caller":"graph/node.go:28","msg":"回答用户(router): teat1, 输入消耗token:550(缓存命中:0), 输出消耗token:1, 共计消耗token:551"}
{"level":"INFO","time":"2026-02-11T14:26:36.594+0800","caller":"graph/node.go:54","msg":"回答用户(easyChat): teat1, 输入消耗token:2882(缓存命中:2176), 输出消耗token:57, 共计消耗token:2939"}
{"level":"INFO","time":"2026-02-11T14:26:46.775+0800","caller":"graph/node.go:28","msg":"回答用户(router): teat1, 输入消耗token:552(缓存命中:512), 输出消耗token:1, 共计消耗token:553"}
{"level":"INFO","time":"2026-02-11T14:26:48.308+0800","caller":"graph/node.go:54","msg":"回答用户(easyChat): teat1, 输入消耗token:2978(缓存命中:2176), 输出消耗token:43, 共计消耗token:3021"}
{"level":"INFO","time":"2026-02-11T14:27:27.434+0800","caller":"graph/node.go:28","msg":"回答用户(router): 梦猫, 输入消耗token:552(缓存命中:0), 输出消耗token:1, 共计消耗token:553"}
{"level":"INFO","time":"2026-02-11T14:27:29.844+0800","caller":"graph/node.go:54","msg":"回答用户(easyChat): 梦猫, 输入消耗token:4480(缓存命中:0), 输出消耗token:53, 共计消耗token:4533"}
{"level":"INFO","time":"2026-02-11T14:27:43.614+0800","caller":"graph/node.go:28","msg":"回答用户(router): 梦猫, 输入消耗token:553(缓存命中:0), 输出消耗token:1, 共计消耗token:554"}
{"level":"INFO","time":"2026-02-11T14:27:46.174+0800","caller":"graph/node.go:54","msg":"回答用户(easyChat): 梦猫, 输入消耗token:4500(缓存命中:0), 输出消耗token:82, 共计消耗token:4582"}
{"level":"INFO","time":"2026-02-11T14:28:05.725+0800","caller":"graph/node.go:28","msg":"回答用户(router): 梦猫, 输入消耗token:560(缓存命中:0), 输出消耗token:1, 共计消耗token:561"}
{"level":"INFO","time":"2026-02-11T14:28:08.293+0800","caller":"graph/node.go:54","msg":"回答用户(easyChat): 梦猫, 输入消耗token:4547(缓存命中:0), 输出消耗token:60, 共计消耗token:4607"}
{"level":"INFO","time":"2026-02-11T14:28:22.623+0800","caller":"graph/node.go:28","msg":"回答用户(router): 梦猫, 输入消耗token:551(缓存命中:512), 输出消耗token:1, 共计消耗token:552"}
{"level":"INFO","time":"2026-02-11T14:28:24.673+0800","caller":"graph/node.go:54","msg":"回答用户(easyChat): 梦猫, 输入消耗token:4573(缓存命中:0), 输出消耗token:55, 共计消耗token:4628"}
{"level":"INFO","time":"2026-02-11T14:28:34.713+0800","caller":"graph/node.go:28","msg":"回答用户(router): 梦猫, 输入消耗token:551(缓存命中:0), 输出消耗token:1, 共计消耗token:552"}
{"level":"INFO","time":"2026-02-11T14:28:36.802+0800","caller":"graph/node.go:54","msg":"回答用户(easyChat): 梦猫, 输入消耗token:4580(缓存命中:0), 输出消耗token:59, 共计消耗token:4639"}
{"level":"INFO","time":"2026-02-11T14:47:10.920+0800","caller":"graph/node.go:28","msg":"回答用户(router): 梦猫, 输入消耗token:550(缓存命中:0), 输出消耗token:1, 共计消耗token:551"}
{"level":"INFO","time":"2026-02-11T14:47:12.041+0800","caller":"graph/node.go:54","msg":"回答用户(easyChat): 梦猫, 输入消耗token:2394(缓存命中:0), 输出消耗token:19, 共计消耗token:2413"}
{"level":"INFO","time":"2026-02-11T14:47:18.454+0800","caller":"graph/node.go:28","msg":"回答用户(router): 梦猫, 输入消耗token:551(缓存命中:0), 输出消耗token:1, 共计消耗token:552"}
{"level":"INFO","time":"2026-02-11T14:47:19.895+0800","caller":"graph/node.go:54","msg":"回答用户(easyChat): 梦猫, 输入消耗token:2456(缓存命中:0), 输出消耗token:33, 共计消耗token:2489"}
{"level":"INFO","time":"2026-02-11T14:47:41.260+0800","caller":"graph/node.go:28","msg":"回答用户(router): 梦猫, 输入消耗token:556(缓存命中:0), 输出消耗token:1, 共计消耗token:557"}
{"level":"INFO","time":"2026-02-11T14:47:43.669+0800","caller":"graph/node.go:54","msg":"回答用户(easyChat): 梦猫, 输入消耗token:2530(缓存命中:0), 输出消耗token:67, 共计消耗token:2597"}
{"level":"INFO","time":"2026-02-11T14:48:08.167+0800","caller":"graph/node.go:28","msg":"回答用户(router): 梦猫, 输入消耗token:556(缓存命中:0), 输出消耗token:1, 共计消耗token:557"}
{"level":"INFO","time":"2026-02-11T14:48:09.947+0800","caller":"graph/node.go:54","msg":"回答用户(easyChat): 梦猫, 输入消耗token:2637(缓存命中:0), 输出消耗token:47, 共计消耗token:2684"}
{"level":"INFO","time":"2026-02-11T14:48:28.017+0800","caller":"graph/node.go:28","msg":"回答用户(router): 梦猫, 输入消耗token:551(缓存命中:0), 输出消耗token:1, 共计消耗token:552"}
{"level":"INFO","time":"2026-02-11T14:48:29.656+0800","caller":"graph/node.go:54","msg":"回答用户(easyChat): 梦猫, 输入消耗token:2718(缓存命中:0), 输出消耗token:39, 共计消耗token:2757"}
{"level":"INFO","time":"2026-02-11T14:48:37.397+0800","caller":"graph/node.go:28","msg":"回答用户(router): 梦猫, 输入消耗token:550(缓存命中:512), 输出消耗token:1, 共计消耗token:551"}
{"level":"INFO","time":"2026-02-11T14:48:38.936+0800","caller":"graph/node.go:54","msg":"回答用户(easyChat): 梦猫, 输入消耗token:2793(缓存命中:0), 输出消耗token:42, 共计消耗token:2835"}
{"level":"INFO","time":"2026-02-11T14:48:48.706+0800","caller":"graph/node.go:28","msg":"回答用户(router): 梦猫, 输入消耗token:551(缓存命中:512), 输出消耗token:1, 共计消耗token:552"}
{"level":"INFO","time":"2026-02-11T14:48:49.526+0800","caller":"graph/node.go:54","msg":"回答用户(easyChat): 梦猫, 输入消耗token:2871(缓存命中:2176), 输出消耗token:19, 共计消耗token:2890"}
{"level":"INFO","time":"2026-02-11T14:49:12.550+0800","caller":"graph/node.go:28","msg":"回答用户(router): 梦猫, 输入消耗token:554(缓存命中:0), 输出消耗token:1, 共计消耗token:555"}
{"level":"INFO","time":"2026-02-11T14:49:14.160+0800","caller":"graph/node.go:54","msg":"回答用户(easyChat): 梦猫, 输入消耗token:2929(缓存命中:0), 输出消耗token:35, 共计消耗token:2964"}
{"level":"INFO","time":"2026-02-11T14:49:23.950+0800","caller":"graph/node.go:28","msg":"回答用户(router): 梦猫, 输入消耗token:550(缓存命中:0), 输出消耗token:1, 共计消耗token:551"}
{"level":"INFO","time":"2026-02-11T14:49:25.645+0800","caller":"graph/node.go:54","msg":"回答用户(easyChat): 梦猫, 输入消耗token:2998(缓存命中:0), 输出消耗token:36, 共计消耗token:3034"}
{"level":"INFO","time":"2026-02-11T14:49:36.238+0800","caller":"graph/node.go:28","msg":"回答用户(router): 梦猫, 输入消耗token:553(缓存命中:512), 输出消耗token:1, 共计消耗token:554"}
{"level":"INFO","time":"2026-02-11T14:49:37.899+0800","caller":"graph/node.go:54","msg":"回答用户(easyChat): 梦猫, 输入消耗token:3072(缓存命中:0), 输出消耗token:39, 共计消耗token:3111"}
{"level":"INFO","time":"2026-02-11T14:49:49.086+0800","caller":"graph/node.go:28","msg":"回答用户(router): 梦猫, 输入消耗token:555(缓存命中:0), 输出消耗token:1, 共计消耗token:556"}
{"level":"INFO","time":"2026-02-11T14:49:50.877+0800","caller":"graph/node.go:54","msg":"回答用户(easyChat): 梦猫, 输入消耗token:3151(缓存命中:0), 输出消耗token:44, 共计消耗token:3195"}
{"level":"INFO","time":"2026-02-11T14:50:04.630+0800","caller":"graph/node.go:28","msg":"回答用户(router): 梦猫, 输入消耗token:551(缓存命中:0), 输出消耗token:1, 共计消耗token:552"}
{"level":"INFO","time":"2026-02-11T14:50:06.426+0800","caller":"graph/node.go:54","msg":"回答用户(easyChat): 梦猫, 输入消耗token:3231(缓存命中:2176), 输出消耗token:54, 共计消耗token:3285"}
{"level":"INFO","time":"2026-02-11T14:54:10.611+0800","caller":"graph/node.go:28","msg":"回答用户(router): 梦猫, 输入消耗token:557(缓存命中:0), 输出消耗token:1, 共计消耗token:558"}
{"level":"INFO","time":"2026-02-11T14:54:12.947+0800","caller":"graph/node.go:54","msg":"回答用户(easyChat): 梦猫, 输入消耗token:3326(缓存命中:0), 输出消耗token:66, 共计消耗token:3392"}
{"level":"INFO","time":"2026-02-11T14:54:27.466+0800","caller":"graph/node.go:28","msg":"回答用户(router): 梦猫, 输入消耗token:555(缓存命中:512), 输出消耗token:1, 共计消耗token:556"}
{"level":"INFO","time":"2026-02-11T14:54:29.471+0800","caller":"graph/node.go:54","msg":"回答用户(easyChat): 梦猫, 输入消耗token:3431(缓存命中:0), 输出消耗token:42, 共计消耗token:3473"}
{"level":"INFO","time":"2026-02-11T14:54:39.567+0800","caller":"graph/node.go:28","msg":"回答用户(router): 梦猫, 输入消耗token:553(缓存命中:0), 输出消耗token:1, 共计消耗token:554"}
{"level":"INFO","time":"2026-02-11T14:54:41.361+0800","caller":"graph/node.go:54","msg":"回答用户(easyChat): 梦猫, 输入消耗token:3511(缓存命中:0), 输出消耗token:47, 共计消耗token:3558"}
{"level":"INFO","time":"2026-02-11T14:54:54.978+0800","caller":"graph/node.go:28","msg":"回答用户(router): 梦猫, 输入消耗token:553(缓存命中:0), 输出消耗token:1, 共计消耗token:554"}
{"level":"INFO","time":"2026-02-11T14:54:56.450+0800","caller":"graph/node.go:54","msg":"回答用户(easyChat): 梦猫, 输入消耗token:3594(缓存命中:0), 输出消耗token:41, 共计消耗token:3635"}
{"level":"INFO","time":"2026-02-11T14:55:14.360+0800","caller":"graph/node.go:28","msg":"回答用户(router): 梦猫, 输入消耗token:559(缓存命中:0), 输出消耗token:1, 共计消耗token:560"}
{"level":"INFO","time":"2026-02-11T14:55:15.788+0800","caller":"graph/node.go:54","msg":"回答用户(easyChat): 梦猫, 输入消耗token:3678(缓存命中:0), 输出消耗token:39, 共计消耗token:3717"}
{"level":"INFO","time":"2026-02-11T14:55:27.027+0800","caller":"graph/node.go:28","msg":"回答用户(router): 梦猫, 输入消耗token:553(缓存命中:0), 输出消耗token:1, 共计消耗token:554"}
{"level":"INFO","time":"2026-02-11T14:55:29.418+0800","caller":"graph/node.go:54","msg":"回答用户(easyChat): 梦猫, 输入消耗token:3754(缓存命中:0), 输出消耗token:58, 共计消耗token:3812"}
{"level":"INFO","time":"2026-02-11T14:55:40.577+0800","caller":"graph/node.go:28","msg":"回答用户(router): 梦猫, 输入消耗token:552(缓存命中:512), 输出消耗token:1, 共计消耗token:553"}
{"level":"INFO","time":"2026-02-11T14:55:42.467+0800","caller":"graph/node.go:54","msg":"回答用户(easyChat): 梦猫, 输入消耗token:3847(缓存命中:2176), 输出消耗token:54, 共计消耗token:3901"}
{"level":"INFO","time":"2026-02-11T14:55:57.207+0800","caller":"graph/node.go:28","msg":"回答用户(router): 梦猫, 输入消耗token:552(缓存命中:512), 输出消耗token:1, 共计消耗token:553"}
{"level":"INFO","time":"2026-02-11T14:56:00.027+0800","caller":"graph/node.go:54","msg":"回答用户(easyChat): 梦猫, 输入消耗token:3937(缓存命中:0), 输出消耗token:78, 共计消耗token:4015"}
{"level":"INFO","time":"2026-02-11T14:56:12.014+0800","caller":"graph/node.go:28","msg":"回答用户(router): 梦猫, 输入消耗token:553(缓存命中:0), 输出消耗token:1, 共计消耗token:554"}
{"level":"INFO","time":"2026-02-11T14:56:13.554+0800","caller":"graph/node.go:54","msg":"回答用户(easyChat): 梦猫, 输入消耗token:4053(缓存命中:0), 输出消耗token:38, 共计消耗token:4091"}
{"level":"INFO","time":"2026-02-11T14:56:53.588+0800","caller":"graph/node.go:28","msg":"回答用户(router): 梦猫, 输入消耗token:568(缓存命中:0), 输出消耗token:1, 共计消耗token:569"}
{"level":"INFO","time":"2026-02-11T14:56:55.127+0800","caller":"graph/node.go:54","msg":"回答用户(easyChat): 梦猫, 输入消耗token:4143(缓存命中:2176), 输出消耗token:45, 共计消耗token:4188"}
{"level":"INFO","time":"2026-02-11T14:57:16.588+0800","caller":"graph/node.go:28","msg":"回答用户(router): 梦猫, 输入消耗token:550(缓存命中:0), 输出消耗token:1, 共计消耗token:551"}
{"level":"INFO","time":"2026-02-11T14:57:17.957+0800","caller":"graph/node.go:54","msg":"回答用户(easyChat): 梦猫, 输入消耗token:4223(缓存命中:2176), 输出消耗token:39, 共计消耗token:4262"}
{"level":"INFO","time":"2026-02-11T14:57:22.368+0800","caller":"graph/node.go:28","msg":"回答用户(router): 梦猫, 输入消耗token:550(缓存命中:512), 输出消耗token:1, 共计消耗token:551"}
{"level":"INFO","time":"2026-02-11T14:57:24.218+0800","caller":"graph/node.go:54","msg":"回答用户(easyChat): 梦猫, 输入消耗token:4296(缓存命中:0), 输出消耗token:49, 共计消耗token:4345"}
{"level":"INFO","time":"2026-02-11T14:57:34.138+0800","caller":"graph/node.go:28","msg":"回答用户(router): 梦猫, 输入消耗token:550(缓存命中:0), 输出消耗token:1, 共计消耗token:551"}
{"level":"INFO","time":"2026-02-11T14:57:35.478+0800","caller":"graph/node.go:54","msg":"回答用户(easyChat): 梦猫, 输入消耗token:4380(缓存命中:0), 输出消耗token:49, 共计消耗token:4429"}
{"level":"INFO","time":"2026-02-11T14:57:42.126+0800","caller":"graph/node.go:28","msg":"回答用户(router): 梦猫, 输入消耗token:553(缓存命中:0), 输出消耗token:1, 共计消耗token:554"}
{"level":"INFO","time":"2026-02-11T14:57:43.865+0800","caller":"graph/node.go:54","msg":"回答用户(easyChat): 梦猫, 输入消耗token:4467(缓存命中:0), 输出消耗token:57, 共计消耗token:4524"}
{"level":"INFO","time":"2026-02-11T14:57:51.096+0800","caller":"graph/node.go:28","msg":"回答用户(router): 梦猫, 输入消耗token:552(缓存命中:512), 输出消耗token:1, 共计消耗token:553"}
{"level":"INFO","time":"2026-02-11T14:57:53.286+0800","caller":"graph/node.go:54","msg":"回答用户(easyChat): 梦猫, 输入消耗token:4507(缓存命中:0), 输出消耗token:60, 共计消耗token:4567"}
{"level":"INFO","time":"2026-02-11T14:58:05.475+0800","caller":"graph/node.go:28","msg":"回答用户(router): 梦猫, 输入消耗token:552(缓存命中:512), 输出消耗token:1, 共计消耗token:553"}
{"level":"INFO","time":"2026-02-11T14:58:07.074+0800","caller":"graph/node.go:54","msg":"回答用户(easyChat): 梦猫, 输入消耗token:4534(缓存命中:2176), 输出消耗token:37, 共计消耗token:4571"}
{"level":"INFO","time":"2026-02-11T17:11:24.281+0800","caller":"graph/node.go:28","msg":"回答用户(router): 梦猫, 输入消耗token:550(缓存命中:0), 输出消耗token:1, 共计消耗token:551"}
{"level":"INFO","time":"2026-02-11T17:16:24.585+0800","caller":"graph/node.go:28","msg":"回答用户(router): 梦猫, 输入消耗token:550(缓存命中:0), 输出消耗token:1, 共计消耗token:551"}
{"level":"INFO","time":"2026-02-11T17:16:25.729+0800","caller":"graph/node.go:54","msg":"回答用户(easyChat): 梦猫, 输入消耗token:1717(缓存命中:0), 输出消耗token:17, 共计消耗token:1734"}
{"level":"INFO","time":"2026-02-11T17:16:34.293+0800","caller":"graph/node.go:28","msg":"回答用户(router): 梦猫, 输入消耗token:551(缓存命中:512), 输出消耗token:1, 共计消耗token:552"}
{"level":"INFO","time":"2026-02-11T17:16:35.865+0800","caller":"graph/node.go:54","msg":"回答用户(easyChat): 梦猫, 输入消耗token:1773(缓存命中:0), 输出消耗token:37, 共计消耗token:1810"}
{"level":"INFO","time":"2026-02-11T17:16:49.173+0800","caller":"graph/node.go:28","msg":"回答用户(router): 梦猫, 输入消耗token:551(缓存命中:0), 输出消耗token:1, 共计消耗token:552"}
{"level":"INFO","time":"2026-02-11T17:16:50.876+0800","caller":"graph/node.go:54","msg":"回答用户(easyChat): 梦猫, 输入消耗token:1849(缓存命中:0), 输出消耗token:41, 共计消耗token:1890"}
{"level":"INFO","time":"2026-02-11T17:17:06.506+0800","caller":"graph/node.go:28","msg":"回答用户(router): 梦猫, 输入消耗token:551(缓存命中:0), 输出消耗token:1, 共计消耗token:552"}
{"level":"INFO","time":"2026-02-11T17:17:08.001+0800","caller":"graph/node.go:54","msg":"回答用户(easyChat): 梦猫, 输入消耗token:1931(缓存命中:0), 输出消耗token:38, 共计消耗token:1969"}
{"level":"INFO","time":"2026-02-11T17:17:24.747+0800","caller":"graph/node.go:28","msg":"回答用户(router): 梦猫, 输入消耗token:555(缓存命中:512), 输出消耗token:1, 共计消耗token:556"}
{"level":"INFO","time":"2026-02-11T17:17:26.244+0800","caller":"graph/node.go:54","msg":"回答用户(easyChat): 梦猫, 输入消耗token:2013(缓存命中:0), 输出消耗token:44, 共计消耗token:2057"}
{"level":"INFO","time":"2026-02-11T17:17:48.474+0800","caller":"graph/node.go:28","msg":"回答用户(router): 梦猫, 输入消耗token:561(缓存命中:0), 输出消耗token:1, 共计消耗token:562"}
{"level":"INFO","time":"2026-02-11T17:17:51.012+0800","caller":"graph/node.go:54","msg":"回答用户(easyChat): 梦猫, 输入消耗token:2107(缓存命中:0), 输出消耗token:69, 共计消耗token:2176"}
{"level":"INFO","time":"2026-02-11T17:18:06.782+0800","caller":"graph/node.go:28","msg":"回答用户(router): 梦猫, 输入消耗token:553(缓存命中:0), 输出消耗token:1, 共计消耗token:554"}
{"level":"INFO","time":"2026-02-11T17:18:09.033+0800","caller":"graph/node.go:54","msg":"回答用户(easyChat): 梦猫, 输入消耗token:2215(缓存命中:0), 输出消耗token:47, 共计消耗token:2262"}
{"level":"INFO","time":"2026-02-11T17:18:27.231+0800","caller":"graph/node.go:28","msg":"回答用户(router): 梦猫, 输入消耗token:554(缓存命中:0), 输出消耗token:1, 共计消耗token:555"}
{"level":"INFO","time":"2026-02-11T17:18:29.654+0800","caller":"graph/node.go:54","msg":"回答用户(easyChat): 梦猫, 输入消耗token:2304(缓存命中:0), 输出消耗token:78, 共计消耗token:2382"}
{"level":"INFO","time":"2026-02-11T17:18:55.689+0800","caller":"graph/node.go:28","msg":"回答用户(router): 梦猫, 输入消耗token:559(缓存命中:512), 输出消耗token:1, 共计消耗token:560"}
{"level":"INFO","time":"2026-02-11T17:19:01.563+0800","caller":"graph/node.go:54","msg":"回答用户(easyChat): 梦猫, 输入消耗token:2430(缓存命中:0), 输出消耗token:191, 共计消耗token:2621"}
{"level":"INFO","time":"2026-02-11T17:19:40.782+0800","caller":"graph/node.go:28","msg":"回答用户(router): 梦猫, 输入消耗token:564(缓存命中:0), 输出消耗token:1, 共计消耗token:565"}
{"level":"INFO","time":"2026-02-11T17:19:43.044+0800","caller":"graph/node.go:54","msg":"回答用户(easyChat): 梦猫, 输入消耗token:2673(缓存命中:0), 输出消耗token:74, 共计消耗token:2747"}
{"level":"INFO","time":"2026-02-11T17:19:53.625+0800","caller":"graph/node.go:28","msg":"回答用户(router): 梦猫, 输入消耗token:559(缓存命中:0), 输出消耗token:1, 共计消耗token:560"}
{"level":"INFO","time":"2026-02-11T17:19:56.378+0800","caller":"graph/node.go:54","msg":"回答用户(easyChat): 梦猫, 输入消耗token:2794(缓存命中:0), 输出消耗token:69, 共计消耗token:2863"}
{"level":"INFO","time":"2026-02-11T17:20:15.817+0800","caller":"graph/node.go:28","msg":"回答用户(router): 梦猫, 输入消耗token:556(缓存命中:512), 输出消耗token:1, 共计消耗token:557"}
{"level":"INFO","time":"2026-02-11T17:20:18.314+0800","caller":"graph/node.go:54","msg":"回答用户(easyChat): 梦猫, 输入消耗token:2907(缓存命中:0), 输出消耗token:61, 共计消耗token:2968"}
{"level":"INFO","time":"2026-02-11T17:20:24.324+0800","caller":"graph/node.go:28","msg":"回答用户(router): 梦猫, 输入消耗token:550(缓存命中:512), 输出消耗token:1, 共计消耗token:551"}
{"level":"INFO","time":"2026-02-11T17:20:26.207+0800","caller":"graph/node.go:54","msg":"回答用户(easyChat): 梦猫, 输入消耗token:3007(缓存命中:0), 输出消耗token:53, 共计消耗token:3060"}
{"level":"INFO","time":"2026-02-11T17:20:33.815+0800","caller":"graph/node.go:28","msg":"回答用户(router): 梦猫, 输入消耗token:550(缓存命中:0), 输出消耗token:1, 共计消耗token:551"}
{"level":"INFO","time":"2026-02-11T17:20:35.558+0800","caller":"graph/node.go:54","msg":"回答用户(easyChat): 梦猫, 输入消耗token:3100(缓存命中:1536), 输出消耗token:46, 共计消耗token:3146"}
{"level":"INFO","time":"2026-02-11T17:20:41.987+0800","caller":"graph/node.go:28","msg":"回答用户(router): 梦猫, 输入消耗token:551(缓存命中:0), 输出消耗token:1, 共计消耗token:552"}
{"level":"INFO","time":"2026-02-11T17:20:43.533+0800","caller":"graph/node.go:54","msg":"回答用户(easyChat): 梦猫, 输入消耗token:3186(缓存命中:0), 输出消耗token:37, 共计消耗token:3223"}
{"level":"INFO","time":"2026-02-11T18:10:22.562+0800","caller":"graph/node.go:28","msg":"回答用户(router): 梦猫, 输入消耗token:555(缓存命中:0), 输出消耗token:1, 共计消耗token:556"}
{"level":"INFO","time":"2026-02-11T18:10:25.009+0800","caller":"graph/node.go:54","msg":"回答用户(easyChat): 梦猫, 输入消耗token:3267(缓存命中:0), 输出消耗token:60, 共计消耗token:3327"}
{"level":"INFO","time":"2026-02-11T18:10:37.567+0800","caller":"graph/node.go:28","msg":"回答用户(router): 梦猫, 输入消耗token:553(缓存命中:0), 输出消耗token:1, 共计消耗token:554"}
{"level":"INFO","time":"2026-02-11T18:10:39.203+0800","caller":"graph/node.go:54","msg":"回答用户(easyChat): 梦猫, 输入消耗token:3368(缓存命中:0), 输出消耗token:46, 共计消耗token:3414"}
{"level":"INFO","time":"2026-02-11T22:56:43.690+0800","caller":"graph/node.go:28","msg":"回答用户(router): 梦猫, 输入消耗token:552(缓存命中:0), 输出消耗token:1, 共计消耗token:553"}
{"level":"INFO","time":"2026-02-11T22:56:45.237+0800","caller":"graph/node.go:54","msg":"回答用户(easyChat): 梦猫, 输入消耗token:3454(缓存命中:0), 输出消耗token:45, 共计消耗token:3499"}
{"level":"INFO","time":"2026-02-11T22:56:56.736+0800","caller":"graph/node.go:28","msg":"回答用户(router): 梦猫, 输入消耗token:551(缓存命中:0), 输出消耗token:1, 共计消耗token:552"}
{"level":"INFO","time":"2026-02-11T22:56:58.722+0800","caller":"graph/node.go:54","msg":"回答用户(easyChat): 梦猫, 输入消耗token:3538(缓存命中:0), 输出消耗token:52, 共计消耗token:3590"}
{"level":"INFO","time":"2026-02-11T22:57:25.348+0800","caller":"graph/node.go:28","msg":"回答用户(router): 梦猫, 输入消耗token:555(缓存命中:0), 输出消耗token:2, 共计消耗token:557"}
{"level":"INFO","time":"2026-02-11T22:57:28.050+0800","caller":"graph/node.go:113","msg":"回答用户(complexChat): 梦猫, 输入消耗token:3635(缓存命中:0), 输出消耗token:89, 共计消耗token:3724"}
{"level":"INFO","time":"2026-02-11T22:57:36.018+0800","caller":"graph/node.go:28","msg":"回答用户(router): 梦猫, 输入消耗token:550(缓存命中:512), 输出消耗token:1, 共计消耗token:551"}
{"level":"INFO","time":"2026-02-11T22:57:37.466+0800","caller":"graph/node.go:54","msg":"回答用户(easyChat): 梦猫, 输入消耗token:3763(缓存命中:0), 输出消耗token:39, 共计消耗token:3802"}
{"level":"INFO","time":"2026-02-11T22:57:53.776+0800","caller":"graph/node.go:28","msg":"回答用户(router): 梦猫, 输入消耗token:560(缓存命中:0), 输出消耗token:1, 共计消耗token:561"}
{"level":"INFO","time":"2026-02-11T22:57:55.503+0800","caller":"graph/node.go:54","msg":"回答用户(easyChat): 梦猫, 输入消耗token:3852(缓存命中:0), 输出消耗token:52, 共计消耗token:3904"}
{"level":"INFO","time":"2026-02-11T22:58:18.938+0800","caller":"graph/node.go:28","msg":"回答用户(router): 梦猫, 输入消耗token:559(缓存命中:0), 输出消耗token:1, 共计消耗token:560"}
{"level":"INFO","time":"2026-02-11T22:58:20.799+0800","caller":"graph/node.go:54","msg":"回答用户(easyChat): 梦猫, 输入消耗token:3951(缓存命中:0), 输出消耗token:51, 共计消耗token:4002"}
